#
# There is insufficient memory for the Java Runtime Environment to continue.
# Native memory allocation (mmap) failed to map 266338304 bytes for Failed to commit area from 0x0000000702e00000 to 0x0000000712c00000 of length 266338304.
# Possible reasons:
#   The system is out of physical RAM or swap space
#   The process is running with CompressedOops enabled, and the Java Heap may be blocking the growth of the native heap
# Possible solutions:
#   Reduce memory load on the system
#   Increase physical memory or swap space
#   Check if swap backing store is full
#   Decrease Java heap size (-Xmx/-Xms)
#   Decrease number of Java threads
#   Decrease Java thread stack sizes (-Xss)
#   Set larger code cache with -XX:ReservedCodeCacheSize=
# This output file may be truncated or incomplete.
#
#  Out of Memory Error (./src/hotspot/os/windows/os_windows.cpp:3311), pid=6232, tid=2376
#
# JRE version:  (11.0.12+7) (build )
# Java VM: OpenJDK 64-Bit Server VM (11.0.12+7-LTS, mixed mode, sharing, tiered, compressed oops, g1 gc, windows-amd64)
# No core dump will be written. Minidumps are not enabled by default on client versions of Windows
#

---------------  S U M M A R Y ------------

Command Line: -javaagent:C:\Program Files\JetBrains\IntelliJ IDEA 2021.2.1\lib\idea_rt.jar=8250:C:\Program Files\JetBrains\IntelliJ IDEA 2021.2.1\bin -Dfile.encoding=UTF-8 --module-path=C:\Users\Dinofio\Downloads\javafx-sdk-17.0.1\lib\javafx.graphics.jar;C:\Users\Dinofio\Downloads\javafx-sdk-17.0.1\lib\javafx.fxml.jar;C:\Users\Dinofio\Downloads\javafx-sdk-17.0.1\lib\javafx.controls.jar;C:\Users\Dinofio\Documents\University of Toronto\csc207\course-project-tbd\out\production\course-project-tbd;C:\Users\Dinofio\.m2\repository\junit\junit\4.13.1\junit-4.13.1.jar;C:\Users\Dinofio\Downloads\javafx-sdk-17.0.1\lib\javafx.base.jar -Djdk.module.main=course.project.tbd course.project.tbd/Phase_1.GUI.GUImain

Host: Intel(R) Core(TM) i7-8705G CPU @ 3.10GHz, 8 cores, 15G,  Windows 10 , 64 bit Build 19041 (10.0.19041.1348)
Time: Sat Nov 27 21:12:19 2021 Eastern Standard Time elapsed time: 0.013895 seconds (0d 0h 0m 0s)

---------------  T H R E A D  ---------------

Current thread (0x0000025fc1ba8000):  JavaThread "Unknown thread" [_thread_in_vm, id=2376, stack(0x0000008689200000,0x0000008689300000)]

Stack: [0x0000008689200000,0x0000008689300000]
Native frames: (J=compiled Java code, j=interpreted, Vv=VM code, C=native code)
V  [jvm.dll+0x601d7a]
V  [jvm.dll+0x78b45e]
V  [jvm.dll+0x78cb2f]
V  [jvm.dll+0x78d1f3]
V  [jvm.dll+0x24bc58]
V  [jvm.dll+0x5fef1a]
V  [jvm.dll+0x5f39d5]
V  [jvm.dll+0x3038fc]
V  [jvm.dll+0x303782]
V  [jvm.dll+0x3084a6]
V  [jvm.dll+0x34d5ff]
V  [jvm.dll+0x34d030]
V  [jvm.dll+0x2e0a08]
V  [jvm.dll+0x2e1b66]
V  [jvm.dll+0x7667e7]
V  [jvm.dll+0x767f6f]
V  [jvm.dll+0x35a389]
V  [jvm.dll+0x749870]
V  [jvm.dll+0x3c1fbf]
V  [jvm.dll+0x3c4491]
C  [jli.dll+0x5207]
C  [ucrtbase.dll+0x21bb2]
C  [KERNEL32.DLL+0x17034]
C  [ntdll.dll+0x52651]


---------------  P R O C E S S  ---------------

Threads class SMR info:
_java_thread_list=0x0000025fc0171a70, length=0, elements={
}

Java Threads: ( => current thread )

Other Threads:
  0x0000025fc1bc0000 GCTaskThread "GC Thread#0" [stack: 0x0000008689300000,0x0000008689400000] [id=18804]
  0x0000025fc1c1d800 ConcurrentGCThread "G1 Main Marker" [stack: 0x0000008689400000,0x0000008689500000] [id=22020]
  0x0000025fc1c22000 ConcurrentGCThread "G1 Conc#0" [stack: 0x0000008689500000,0x0000008689600000] [id=11836]

[error occurred during error reporting (printing all threads), id 0xc0000005, EXCEPTION_ACCESS_VIOLATION (0xc0000005) at pc=0x00007fff236e00d7]

VM state:not at safepoint (not fully initialized)

VM Mutex/Monitor currently owned by a thread:  ([mutex/lock_event])
[0x0000025fc1ba4880] Heap_lock - owner thread: 0x0000025fc1ba8000

Heap address: 0x0000000702e00000, size: 4050 MB, Compressed Oops mode: Non-zero based: 0x0000000702e00000
Narrow klass base: 0x0000000000000000, Narrow klass shift: 0

GC Heap History (0 events):
No events

Deoptimization events (0 events):
No events

Classes redefined (0 events):
No events

Internal exceptions (0 events):
No events

Events (1 events):
Event: 0.010 Loaded shared library C:\Users\Dinofio\.jdks\corretto-11.0.12\bin\zip.dll


Dynamic libraries:
0x00007ff75e190000 - 0x00007ff75e19d000 	C:\Users\Dinofio\.jdks\corretto-11.0.12\bin\java.exe
0x00007fff8c330000 - 0x00007fff8c525000 	C:\WINDOWS\SYSTEM32\ntdll.dll
0x00007fff8a5b0000 - 0x00007fff8a66e000 	C:\WINDOWS\System32\KERNEL32.DLL
0x00007fff89f60000 - 0x00007fff8a228000 	C:\WINDOWS\System32\KERNELBASE.dll
0x00007fff89e00000 - 0x00007fff89f00000 	C:\WINDOWS\System32\ucrtbase.dll
0x00007fff59b00000 - 0x00007fff59b19000 	C:\Users\Dinofio\.jdks\corretto-11.0.12\bin\VCRUNTIME140.dll
0x00007fff81eb0000 - 0x00007fff81ec7000 	C:\Users\Dinofio\.jdks\corretto-11.0.12\bin\jli.dll
0x00007fff8b3d0000 - 0x00007fff8b571000 	C:\WINDOWS\System32\USER32.dll
0x00007fff69870000 - 0x00007fff69b0a000 	C:\WINDOWS\WinSxS\amd64_microsoft.windows.common-controls_6595b64144ccf1df_6.0.19041.1110_none_60b5254171f9507e\COMCTL32.dll
0x00007fff8a230000 - 0x00007fff8a252000 	C:\WINDOWS\System32\win32u.dll
0x00007fff8b9b0000 - 0x00007fff8ba4e000 	C:\WINDOWS\System32\msvcrt.dll
0x00007fff8b980000 - 0x00007fff8b9ab000 	C:\WINDOWS\System32\GDI32.dll
0x00007fff89a50000 - 0x00007fff89b5b000 	C:\WINDOWS\System32\gdi32full.dll
0x00007fff8a260000 - 0x00007fff8a2fd000 	C:\WINDOWS\System32\msvcp_win.dll
0x00007fff8abb0000 - 0x00007fff8abe0000 	C:\WINDOWS\System32\IMM32.DLL
0x00007fff42d60000 - 0x00007fff42dfb000 	C:\Users\Dinofio\.jdks\corretto-11.0.12\bin\msvcp140.dll
0x00007fff233f0000 - 0x00007fff23f4a000 	C:\Users\Dinofio\.jdks\corretto-11.0.12\bin\server\jvm.dll
0x00007fff8b580000 - 0x00007fff8b62c000 	C:\WINDOWS\System32\ADVAPI32.dll
0x00007fff8a9d0000 - 0x00007fff8aa6b000 	C:\WINDOWS\System32\sechost.dll
0x00007fff8c100000 - 0x00007fff8c22a000 	C:\WINDOWS\System32\RPCRT4.dll
0x00007fff8b630000 - 0x00007fff8b638000 	C:\WINDOWS\System32\PSAPI.DLL
0x00007fff83400000 - 0x00007fff83409000 	C:\WINDOWS\SYSTEM32\WSOCK32.dll
0x00007fff79470000 - 0x00007fff79497000 	C:\WINDOWS\SYSTEM32\WINMM.dll
0x00007fff8ba50000 - 0x00007fff8babb000 	C:\WINDOWS\System32\WS2_32.dll
0x00007fff7cf10000 - 0x00007fff7cf1a000 	C:\WINDOWS\SYSTEM32\VERSION.dll
0x00007fff88300000 - 0x00007fff88312000 	C:\WINDOWS\SYSTEM32\kernel.appcore.dll
0x00007fff603a0000 - 0x00007fff603b0000 	C:\Users\Dinofio\.jdks\corretto-11.0.12\bin\verify.dll
0x00007fff87fe0000 - 0x00007fff881c4000 	C:\WINDOWS\SYSTEM32\DBGHELP.DLL
0x00007fff79760000 - 0x00007fff7978c000 	C:\WINDOWS\SYSTEM32\dbgcore.DLL
0x00007fff89c10000 - 0x00007fff89c93000 	C:\WINDOWS\System32\bcryptPrimitives.dll
0x00007fff534f0000 - 0x00007fff53518000 	C:\Users\Dinofio\.jdks\corretto-11.0.12\bin\java.dll
0x00007fff5f4d0000 - 0x00007fff5f4da000 	C:\Users\Dinofio\.jdks\corretto-11.0.12\bin\jimage.dll
0x00007fff5ca00000 - 0x00007fff5ca0e000 	C:\Users\Dinofio\.jdks\corretto-11.0.12\bin\instrument.dll
0x00007fff58510000 - 0x00007fff58527000 	C:\Users\Dinofio\.jdks\corretto-11.0.12\bin\zip.dll

dbghelp: loaded successfully - version: 4.0.5 - missing functions: none
symbol engine: initialized successfully - sym options: 0x614 - pdb path: .;C:\Users\Dinofio\.jdks\corretto-11.0.12\bin;C:\WINDOWS\SYSTEM32;C:\WINDOWS\WinSxS\amd64_microsoft.windows.common-controls_6595b64144ccf1df_6.0.19041.1110_none_60b5254171f9507e;C:\Users\Dinofio\.jdks\corretto-11.0.12\bin\server

VM Arguments:
jvm_args: -javaagent:C:\Program Files\JetBrains\IntelliJ IDEA 2021.2.1\lib\idea_rt.jar=8250:C:\Program Files\JetBrains\IntelliJ IDEA 2021.2.1\bin -Dfile.encoding=UTF-8 --module-path=C:\Users\Dinofio\Downloads\javafx-sdk-17.0.1\lib\javafx.graphics.jar;C:\Users\Dinofio\Downloads\javafx-sdk-17.0.1\lib\javafx.fxml.jar;C:\Users\Dinofio\Downloads\javafx-sdk-17.0.1\lib\javafx.controls.jar;C:\Users\Dinofio\Documents\University of Toronto\csc207\course-project-tbd\out\production\course-project-tbd;C:\Users\Dinofio\.m2\repository\junit\junit\4.13.1\junit-4.13.1.jar;C:\Users\Dinofio\Downloads\javafx-sdk-17.0.1\lib\javafx.base.jar -Djdk.module.main=course.project.tbd 
java_command: course.project.tbd/Phase_1.GUI.GUImain
java_class_path (initial): C:\Users\Dinofio\.m2\repository\org\hamcrest\hamcrest-core\1.3\hamcrest-core-1.3.jar;C:\Users\Dinofio\Downloads\javafx-sdk-17.0.1\lib\javafx-swt.jar;C:\Users\Dinofio\Downloads\javafx-sdk-17.0.1\lib\javafx.web.jar;C:\Users\Dinofio\Downloads\javafx-sdk-17.0.1\lib\javafx.media.jar;C:\Users\Dinofio\Downloads\javafx-sdk-17.0.1\lib\javafx.swing.jar
Launcher Type: SUN_STANDARD

[Global flags]
     intx CICompilerCount                          = 4                                         {product} {ergonomic}
     uint ConcGCThreads                            = 2                                         {product} {ergonomic}
     uint G1ConcRefinementThreads                  = 8                                         {product} {ergonomic}
   size_t G1HeapRegionSize                         = 1048576                                   {product} {ergonomic}
    uintx GCDrainStackTargetSize                   = 64                                        {product} {ergonomic}
   size_t InitialHeapSize                          = 266338304                                 {product} {ergonomic}
   size_t MarkStackSize                            = 4194304                                   {product} {ergonomic}
   size_t MaxHeapSize                              = 4246732800                                {product} {ergonomic}
   size_t MinHeapDeltaBytes                        = 1048576                                   {product} {ergonomic}
    uintx NonNMethodCodeHeapSize                   = 5836300                                {pd product} {ergonomic}
    uintx NonProfiledCodeHeapSize                  = 122910970                              {pd product} {ergonomic}
    uintx ProfiledCodeHeapSize                     = 122910970                              {pd product} {ergonomic}
    uintx ReservedCodeCacheSize                    = 251658240                              {pd product} {ergonomic}
     bool SegmentedCodeCache                       = true                                      {product} {ergonomic}
     bool UseCompressedClassPointers               = true                                 {lp64_product} {ergonomic}
     bool UseCompressedOops                        = true                                 {lp64_product} {ergonomic}
     bool UseG1GC                                  = true                                      {product} {ergonomic}
     bool UseLargePagesIndividualAllocation        = false                                  {pd product} {ergonomic}

Logging:
Log output configuration:
 #0: stdout all=warning uptime,level,tags
 #1: stderr all=off uptime,level,tags

Environment Variables:
PATH=C:\Program Files (x86)\NVIDIA Corporation\PhysX\Common;C:\WINDOWS\system32;C:\WINDOWS;C:\WINDOWS\System32\Wbem;C:\WINDOWS\System32\WindowsPowerShell\v1.0\;C:\WINDOWS\System32\OpenSSH\;C:\Program Files\dotnet\;C:\Program Files\Java\jdk-13.0.2\bin;C:\Program Files (x86)\Intel\Intel(R) Management Engine Components\DAL;C:\Program Files\Intel\Intel(R) Management Engine Components\DAL;C:\Program Files\Git\cmd;C:\Users\Dinofio\AppData\Local\Microsoft\WindowsApps;C:\texlive\2021\bin\win32
USERNAME=Dinofio
OS=Windows_NT
PROCESSOR_IDENTIFIER=Intel64 Family 6 Model 158 Stepping 9, GenuineIntel



---------------  S Y S T E M  ---------------

OS: Windows 10 , 64 bit Build 19041 (10.0.19041.1348)
OS uptime: 1 days 21:09 hours

CPU:total 8 (initial active 8) (4 cores per cpu, 2 threads per core) family 6 model 158 stepping 9 microcode 0xea, cmov, cx8, fxsr, mmx, sse, sse2, sse3, ssse3, sse4.1, sse4.2, popcnt, avx, avx2, aes, clmul, erms, 3dnowpref, lzcnt, ht, tsc, tscinvbit, bmi1, bmi2, adx, fma

Memory: 4k page, system-wide physical 16195M (2845M free)
TotalPageFile size 16195M (AvailPageFile size 166M)
current process WorkingSet (physical memory assigned to process): 10M, peak: 10M
current process commit charge ("private bytes"): 60M, peak: 314M

vm_info: OpenJDK 64-Bit Server VM (11.0.12+7-LTS) for windows-amd64 JRE (11.0.12+7-LTS), built on Jul 13 2021 17:58:36 by "Administrator" with unknown MS VC++:1916

END.
