#
# There is insufficient memory for the Java Runtime Environment to continue.
# Native memory allocation (malloc) failed to allocate 2617296 bytes for Chunk::new
# Possible reasons:
#   The system is out of physical RAM or swap space
#   The process is running with CompressedOops enabled, and the Java Heap may be blocking the growth of the native heap
# Possible solutions:
#   Reduce memory load on the system
#   Increase physical memory or swap space
#   Check if swap backing store is full
#   Decrease Java heap size (-Xmx/-Xms)
#   Decrease number of Java threads
#   Decrease Java thread stack sizes (-Xss)
#   Set larger code cache with -XX:ReservedCodeCacheSize=
#   JVM is running with Zero Based Compressed Oops mode in which the Java heap is
#     placed in the first 32GB address space. The Java Heap base address is the
#     maximum limit for the native heap growth. Please use -XX:HeapBaseMinAddress
#     to set the Java Heap base and to place the Java Heap above 32GB virtual address.
# This output file may be truncated or incomplete.
#
#  Out of Memory Error (./src/hotspot/share/memory/arena.cpp:197), pid=16740, tid=10484
#
# JRE version: OpenJDK Runtime Environment Corretto-11.0.12.7.1 (11.0.12+7) (build 11.0.12+7-LTS)
# Java VM: OpenJDK 64-Bit Server VM Corretto-11.0.12.7.1 (11.0.12+7-LTS, mixed mode, tiered, compressed oops, g1 gc, windows-amd64)
# No core dump will be written. Minidumps are not enabled by default on client versions of Windows
#

---------------  S U M M A R Y ------------

Command Line: -javaagent:C:\Program Files\JetBrains\IntelliJ IDEA 2021.2.1\lib\idea_rt.jar=13099:C:\Program Files\JetBrains\IntelliJ IDEA 2021.2.1\bin -Dfile.encoding=UTF-8 --module-path=C:\Users\Dinofio\Downloads\javafx-sdk-17.0.1\lib\javafx.controls.jar;C:\Users\Dinofio\Downloads\javafx-sdk-17.0.1\lib\javafx.fxml.jar;C:\Users\Dinofio\Downloads\javafx-sdk-17.0.1\lib\javafx.graphics.jar;C:\Users\Dinofio\Documents\University of Toronto\csc207\course-project-tbd\out\production\course-project-tbd;C:\Users\Dinofio\Downloads\javafx-sdk-17.0.1\lib\javafx.base.jar;C:\Users\Dinofio\.m2\repository\junit\junit\4.13.1\junit-4.13.1.jar -Djdk.module.main=course.project.tbd course.project.tbd/Phase_1.GUI.GUImain

Host: Intel(R) Core(TM) i7-8705G CPU @ 3.10GHz, 8 cores, 15G,  Windows 10 , 64 bit Build 19041 (10.0.19041.1348)
Time: Mon Nov 29 18:30:07 2021 Eastern Standard Time elapsed time: 1.255736 seconds (0d 0h 0m 1s)

---------------  T H R E A D  ---------------

Current thread (0x000001cd1382e000):  JavaThread "C2 CompilerThread2" daemon [_thread_in_native, id=10484, stack(0x000000686b000000,0x000000686b100000)]


Current CompileTask:
C2:   1255 1315   !   4       com.sun.javafx.css.ParsedValueImpl::readBinary (688 bytes)

Stack: [0x000000686b000000,0x000000686b100000]
Native frames: (J=compiled Java code, j=interpreted, Vv=VM code, C=native code)
V  [jvm.dll+0x601d7a]
V  [jvm.dll+0x78b45e]
V  [jvm.dll+0x78cb2f]
V  [jvm.dll+0x78d1f3]
V  [jvm.dll+0x24bc58]
V  [jvm.dll+0xc219c]
V  [jvm.dll+0xc275c]
V  [jvm.dll+0x354892]
V  [jvm.dll+0x321d93]
V  [jvm.dll+0x3210ca]
V  [jvm.dll+0x205535]
V  [jvm.dll+0x20471d]
V  [jvm.dll+0x18990c]
V  [jvm.dll+0x213b57]
V  [jvm.dll+0x211d1b]
V  [jvm.dll+0x74f509]
V  [jvm.dll+0x748574]
V  [jvm.dll+0x600c16]
C  [ucrtbase.dll+0x21bb2]
C  [KERNEL32.DLL+0x17034]
C  [ntdll.dll+0x52651]


---------------  P R O C E S S  ---------------

Threads class SMR info:
_java_thread_list=0x000001cd15a77150, length=18, elements={
0x000001cd6ec0c800, 0x000001cd7f93d800, 0x000001cd7f92b800, 0x000001cd7fa1a000,
0x000001cd7fa1b000, 0x000001cd7fa1c000, 0x000001cd7fa27800, 0x000001cd7fa2f000,
0x000001cd7fa38800, 0x000001cd7fba5800, 0x000001cd7fceb000, 0x000001cd1382e000,
0x000001cd7fba6800, 0x000001cd7fba7000, 0x000001cd7fba8000, 0x000001cd7fba8800,
0x000001cd7fba4000, 0x000001cd7fba3000
}

Java Threads: ( => current thread )
  0x000001cd6ec0c800 JavaThread "main" [_thread_blocked, id=8912, stack(0x0000006869f00000,0x000000686a000000)]
  0x000001cd7f93d800 JavaThread "Reference Handler" daemon [_thread_blocked, id=21184, stack(0x000000686a600000,0x000000686a700000)]
  0x000001cd7f92b800 JavaThread "Finalizer" daemon [_thread_blocked, id=10016, stack(0x000000686a700000,0x000000686a800000)]
  0x000001cd7fa1a000 JavaThread "Signal Dispatcher" daemon [_thread_blocked, id=5912, stack(0x000000686a800000,0x000000686a900000)]
  0x000001cd7fa1b000 JavaThread "Attach Listener" daemon [_thread_blocked, id=12352, stack(0x000000686a900000,0x000000686aa00000)]
  0x000001cd7fa1c000 JavaThread "Service Thread" daemon [_thread_blocked, id=16240, stack(0x000000686aa00000,0x000000686ab00000)]
  0x000001cd7fa27800 JavaThread "C2 CompilerThread0" daemon [_thread_blocked, id=3484, stack(0x000000686ab00000,0x000000686ac00000)]
  0x000001cd7fa2f000 JavaThread "C1 CompilerThread0" daemon [_thread_blocked, id=16880, stack(0x000000686ac00000,0x000000686ad00000)]
  0x000001cd7fa38800 JavaThread "Sweeper thread" daemon [_thread_blocked, id=5720, stack(0x000000686ad00000,0x000000686ae00000)]
  0x000001cd7fba5800 JavaThread "Common-Cleaner" daemon [_thread_blocked, id=536, stack(0x000000686ae00000,0x000000686af00000)]
  0x000001cd7fceb000 JavaThread "C2 CompilerThread1" daemon [_thread_blocked, id=19140, stack(0x000000686af00000,0x000000686b000000)]
=>0x000001cd1382e000 JavaThread "C2 CompilerThread2" daemon [_thread_in_native, id=10484, stack(0x000000686b000000,0x000000686b100000)]
  0x000001cd7fba6800 JavaThread "Monitor Ctrl-Break" daemon [_thread_in_native, id=16020, stack(0x000000686b100000,0x000000686b200000)]
  0x000001cd7fba7000 JavaThread "QuantumRenderer-0" daemon [_thread_blocked, id=18600, stack(0x000000686b300000,0x000000686b400000)]
  0x000001cd7fba8000 JavaThread "InvokeLaterDispatcher" daemon [_thread_blocked, id=2744, stack(0x000000686b400000,0x000000686b500000)]
  0x000001cd7fba8800 JavaThread "JavaFX Application Thread" [_thread_in_vm, id=13024, stack(0x000000686b500000,0x000000686b600000)]
  0x000001cd7fba4000 JavaThread "Thread-1" daemon [_thread_in_native, id=8780, stack(0x000000686b900000,0x000000686ba00000)]
  0x000001cd7fba3000 JavaThread "JavaFX-Launcher" [_thread_blocked, id=9636, stack(0x000000686ba00000,0x000000686bb00000)]

Other Threads:
  0x000001cd7f906800 VMThread "VM Thread" [stack: 0x000000686a500000,0x000000686a600000] [id=12828]
  0x000001cd146df000 WatcherThread [stack: 0x000000686b200000,0x000000686b300000] [id=18884]
  0x000001cd6ec24000 GCTaskThread "GC Thread#0" [stack: 0x000000686a000000,0x000000686a100000] [id=17004]
  0x000001cd15969800 GCTaskThread "GC Thread#1" [stack: 0x000000686bb00000,0x000000686bc00000] [id=20636]
  0x000001cd14333000 GCTaskThread "GC Thread#2" [stack: 0x000000686bc00000,0x000000686bd00000] [id=7416]
  0x000001cd1426e800 GCTaskThread "GC Thread#3" [stack: 0x000000686bd00000,0x000000686be00000] [id=19292]
  0x000001cd15689800 GCTaskThread "GC Thread#4" [stack: 0x000000686be00000,0x000000686bf00000] [id=14208]
  0x000001cd159bd800 GCTaskThread "GC Thread#5" [stack: 0x000000686bf00000,0x000000686c000000] [id=20588]
  0x000001cd6ec7d000 ConcurrentGCThread "G1 Main Marker" [stack: 0x000000686a100000,0x000000686a200000] [id=17484]
  0x000001cd6ec80800 ConcurrentGCThread "G1 Conc#0" [stack: 0x000000686a200000,0x000000686a300000] [id=20424]
  0x000001cd7f7f3000 ConcurrentGCThread "G1 Refine#0" [stack: 0x000000686a300000,0x000000686a400000] [id=15792]
  0x000001cd7f7f4000 ConcurrentGCThread "G1 Young RemSet Sampling" [stack: 0x000000686a400000,0x000000686a500000] [id=16292]

Threads with active compile tasks:
C2 CompilerThread2   1299 1315   !   4       com.sun.javafx.css.ParsedValueImpl::readBinary (688 bytes)

VM state:not at safepoint (normal execution)

VM Mutex/Monitor currently owned by a thread: None

Heap address: 0x0000000702e00000, size: 4050 MB, Compressed Oops mode: Zero based, Oop shift amount: 3
Narrow klass base: 0x0000000800000000, Narrow klass shift: 0
Compressed class space size: 1073741824 Address: 0x0000000800000000

Heap:
 garbage-first heap   total 260096K, used 21610K [0x0000000702e00000, 0x0000000800000000)
  region size 1024K, 22 young (22528K), 3 survivors (3072K)
 Metaspace       used 18579K, capacity 19030K, committed 19072K, reserved 1067008K
  class space    used 2193K, capacity 2395K, committed 2432K, reserved 1048576K
Heap Regions: E=young(eden), S=young(survivor), O=old, HS=humongous(starts), HC=humongous(continues), CS=collection set, F=free, A=archive, TAMS=top-at-mark-start (previous, next)
|   0|0x0000000702e00000, 0x0000000702e1a800, 0x0000000702f00000| 10%| O|  |TAMS 0x0000000702e00000, 0x0000000702e00000| Untracked 
|   1|0x0000000702f00000, 0x0000000702f00000, 0x0000000703000000|  0%| F|  |TAMS 0x0000000702f00000, 0x0000000702f00000| Untracked 
|   2|0x0000000703000000, 0x0000000703000000, 0x0000000703100000|  0%| F|  |TAMS 0x0000000703000000, 0x0000000703000000| Untracked 
|   3|0x0000000703100000, 0x0000000703100000, 0x0000000703200000|  0%| F|  |TAMS 0x0000000703100000, 0x0000000703100000| Untracked 
|   4|0x0000000703200000, 0x0000000703200000, 0x0000000703300000|  0%| F|  |TAMS 0x0000000703200000, 0x0000000703200000| Untracked 
|   5|0x0000000703300000, 0x0000000703300000, 0x0000000703400000|  0%| F|  |TAMS 0x0000000703300000, 0x0000000703300000| Untracked 
|   6|0x0000000703400000, 0x0000000703400000, 0x0000000703500000|  0%| F|  |TAMS 0x0000000703400000, 0x0000000703400000| Untracked 
|   7|0x0000000703500000, 0x0000000703500000, 0x0000000703600000|  0%| F|  |TAMS 0x0000000703500000, 0x0000000703500000| Untracked 
|   8|0x0000000703600000, 0x0000000703600000, 0x0000000703700000|  0%| F|  |TAMS 0x0000000703600000, 0x0000000703600000| Untracked 
|   9|0x0000000703700000, 0x0000000703700000, 0x0000000703800000|  0%| F|  |TAMS 0x0000000703700000, 0x0000000703700000| Untracked 
|  10|0x0000000703800000, 0x0000000703800000, 0x0000000703900000|  0%| F|  |TAMS 0x0000000703800000, 0x0000000703800000| Untracked 
|  11|0x0000000703900000, 0x0000000703900000, 0x0000000703a00000|  0%| F|  |TAMS 0x0000000703900000, 0x0000000703900000| Untracked 
|  12|0x0000000703a00000, 0x0000000703a00000, 0x0000000703b00000|  0%| F|  |TAMS 0x0000000703a00000, 0x0000000703a00000| Untracked 
|  13|0x0000000703b00000, 0x0000000703b00000, 0x0000000703c00000|  0%| F|  |TAMS 0x0000000703b00000, 0x0000000703b00000| Untracked 
|  14|0x0000000703c00000, 0x0000000703c00000, 0x0000000703d00000|  0%| F|  |TAMS 0x0000000703c00000, 0x0000000703c00000| Untracked 
|  15|0x0000000703d00000, 0x0000000703d00000, 0x0000000703e00000|  0%| F|  |TAMS 0x0000000703d00000, 0x0000000703d00000| Untracked 
|  16|0x0000000703e00000, 0x0000000703e00000, 0x0000000703f00000|  0%| F|  |TAMS 0x0000000703e00000, 0x0000000703e00000| Untracked 
|  17|0x0000000703f00000, 0x0000000703f00000, 0x0000000704000000|  0%| F|  |TAMS 0x0000000703f00000, 0x0000000703f00000| Untracked 
|  18|0x0000000704000000, 0x0000000704000000, 0x0000000704100000|  0%| F|  |TAMS 0x0000000704000000, 0x0000000704000000| Untracked 
|  19|0x0000000704100000, 0x0000000704100000, 0x0000000704200000|  0%| F|  |TAMS 0x0000000704100000, 0x0000000704100000| Untracked 
|  20|0x0000000704200000, 0x0000000704200000, 0x0000000704300000|  0%| F|  |TAMS 0x0000000704200000, 0x0000000704200000| Untracked 
|  21|0x0000000704300000, 0x0000000704300000, 0x0000000704400000|  0%| F|  |TAMS 0x0000000704300000, 0x0000000704300000| Untracked 
|  22|0x0000000704400000, 0x0000000704400000, 0x0000000704500000|  0%| F|  |TAMS 0x0000000704400000, 0x0000000704400000| Untracked 
|  23|0x0000000704500000, 0x0000000704500000, 0x0000000704600000|  0%| F|  |TAMS 0x0000000704500000, 0x0000000704500000| Untracked 
|  24|0x0000000704600000, 0x0000000704600000, 0x0000000704700000|  0%| F|  |TAMS 0x0000000704600000, 0x0000000704600000| Untracked 
|  25|0x0000000704700000, 0x0000000704700000, 0x0000000704800000|  0%| F|  |TAMS 0x0000000704700000, 0x0000000704700000| Untracked 
|  26|0x0000000704800000, 0x0000000704800000, 0x0000000704900000|  0%| F|  |TAMS 0x0000000704800000, 0x0000000704800000| Untracked 
|  27|0x0000000704900000, 0x0000000704900000, 0x0000000704a00000|  0%| F|  |TAMS 0x0000000704900000, 0x0000000704900000| Untracked 
|  28|0x0000000704a00000, 0x0000000704a00000, 0x0000000704b00000|  0%| F|  |TAMS 0x0000000704a00000, 0x0000000704a00000| Untracked 
|  29|0x0000000704b00000, 0x0000000704b00000, 0x0000000704c00000|  0%| F|  |TAMS 0x0000000704b00000, 0x0000000704b00000| Untracked 
|  30|0x0000000704c00000, 0x0000000704c00000, 0x0000000704d00000|  0%| F|  |TAMS 0x0000000704c00000, 0x0000000704c00000| Untracked 
|  31|0x0000000704d00000, 0x0000000704d00000, 0x0000000704e00000|  0%| F|  |TAMS 0x0000000704d00000, 0x0000000704d00000| Untracked 
|  32|0x0000000704e00000, 0x0000000704e00000, 0x0000000704f00000|  0%| F|  |TAMS 0x0000000704e00000, 0x0000000704e00000| Untracked 
|  33|0x0000000704f00000, 0x0000000704f00000, 0x0000000705000000|  0%| F|  |TAMS 0x0000000704f00000, 0x0000000704f00000| Untracked 
|  34|0x0000000705000000, 0x0000000705000000, 0x0000000705100000|  0%| F|  |TAMS 0x0000000705000000, 0x0000000705000000| Untracked 
|  35|0x0000000705100000, 0x0000000705100000, 0x0000000705200000|  0%| F|  |TAMS 0x0000000705100000, 0x0000000705100000| Untracked 
|  36|0x0000000705200000, 0x0000000705200000, 0x0000000705300000|  0%| F|  |TAMS 0x0000000705200000, 0x0000000705200000| Untracked 
|  37|0x0000000705300000, 0x0000000705300000, 0x0000000705400000|  0%| F|  |TAMS 0x0000000705300000, 0x0000000705300000| Untracked 
|  38|0x0000000705400000, 0x0000000705400000, 0x0000000705500000|  0%| F|  |TAMS 0x0000000705400000, 0x0000000705400000| Untracked 
|  39|0x0000000705500000, 0x0000000705500000, 0x0000000705600000|  0%| F|  |TAMS 0x0000000705500000, 0x0000000705500000| Untracked 
|  40|0x0000000705600000, 0x0000000705600000, 0x0000000705700000|  0%| F|  |TAMS 0x0000000705600000, 0x0000000705600000| Untracked 
|  41|0x0000000705700000, 0x0000000705700000, 0x0000000705800000|  0%| F|  |TAMS 0x0000000705700000, 0x0000000705700000| Untracked 
|  42|0x0000000705800000, 0x0000000705800000, 0x0000000705900000|  0%| F|  |TAMS 0x0000000705800000, 0x0000000705800000| Untracked 
|  43|0x0000000705900000, 0x0000000705900000, 0x0000000705a00000|  0%| F|  |TAMS 0x0000000705900000, 0x0000000705900000| Untracked 
|  44|0x0000000705a00000, 0x0000000705a00000, 0x0000000705b00000|  0%| F|  |TAMS 0x0000000705a00000, 0x0000000705a00000| Untracked 
|  45|0x0000000705b00000, 0x0000000705b00000, 0x0000000705c00000|  0%| F|  |TAMS 0x0000000705b00000, 0x0000000705b00000| Untracked 
|  46|0x0000000705c00000, 0x0000000705c00000, 0x0000000705d00000|  0%| F|  |TAMS 0x0000000705c00000, 0x0000000705c00000| Untracked 
|  47|0x0000000705d00000, 0x0000000705d00000, 0x0000000705e00000|  0%| F|  |TAMS 0x0000000705d00000, 0x0000000705d00000| Untracked 
|  48|0x0000000705e00000, 0x0000000705e00000, 0x0000000705f00000|  0%| F|  |TAMS 0x0000000705e00000, 0x0000000705e00000| Untracked 
|  49|0x0000000705f00000, 0x0000000705f00000, 0x0000000706000000|  0%| F|  |TAMS 0x0000000705f00000, 0x0000000705f00000| Untracked 
|  50|0x0000000706000000, 0x0000000706000000, 0x0000000706100000|  0%| F|  |TAMS 0x0000000706000000, 0x0000000706000000| Untracked 
|  51|0x0000000706100000, 0x0000000706100000, 0x0000000706200000|  0%| F|  |TAMS 0x0000000706100000, 0x0000000706100000| Untracked 
|  52|0x0000000706200000, 0x0000000706200000, 0x0000000706300000|  0%| F|  |TAMS 0x0000000706200000, 0x0000000706200000| Untracked 
|  53|0x0000000706300000, 0x0000000706300000, 0x0000000706400000|  0%| F|  |TAMS 0x0000000706300000, 0x0000000706300000| Untracked 
|  54|0x0000000706400000, 0x0000000706400000, 0x0000000706500000|  0%| F|  |TAMS 0x0000000706400000, 0x0000000706400000| Untracked 
|  55|0x0000000706500000, 0x0000000706500000, 0x0000000706600000|  0%| F|  |TAMS 0x0000000706500000, 0x0000000706500000| Untracked 
|  56|0x0000000706600000, 0x0000000706600000, 0x0000000706700000|  0%| F|  |TAMS 0x0000000706600000, 0x0000000706600000| Untracked 
|  57|0x0000000706700000, 0x0000000706700000, 0x0000000706800000|  0%| F|  |TAMS 0x0000000706700000, 0x0000000706700000| Untracked 
|  58|0x0000000706800000, 0x0000000706800000, 0x0000000706900000|  0%| F|  |TAMS 0x0000000706800000, 0x0000000706800000| Untracked 
|  59|0x0000000706900000, 0x0000000706900000, 0x0000000706a00000|  0%| F|  |TAMS 0x0000000706900000, 0x0000000706900000| Untracked 
|  60|0x0000000706a00000, 0x0000000706a00000, 0x0000000706b00000|  0%| F|  |TAMS 0x0000000706a00000, 0x0000000706a00000| Untracked 
|  61|0x0000000706b00000, 0x0000000706b00000, 0x0000000706c00000|  0%| F|  |TAMS 0x0000000706b00000, 0x0000000706b00000| Untracked 
|  62|0x0000000706c00000, 0x0000000706c00000, 0x0000000706d00000|  0%| F|  |TAMS 0x0000000706c00000, 0x0000000706c00000| Untracked 
|  63|0x0000000706d00000, 0x0000000706d00000, 0x0000000706e00000|  0%| F|  |TAMS 0x0000000706d00000, 0x0000000706d00000| Untracked 
|  64|0x0000000706e00000, 0x0000000706e00000, 0x0000000706f00000|  0%| F|  |TAMS 0x0000000706e00000, 0x0000000706e00000| Untracked 
|  65|0x0000000706f00000, 0x0000000706f00000, 0x0000000707000000|  0%| F|  |TAMS 0x0000000706f00000, 0x0000000706f00000| Untracked 
|  66|0x0000000707000000, 0x0000000707000000, 0x0000000707100000|  0%| F|  |TAMS 0x0000000707000000, 0x0000000707000000| Untracked 
|  67|0x0000000707100000, 0x0000000707100000, 0x0000000707200000|  0%| F|  |TAMS 0x0000000707100000, 0x0000000707100000| Untracked 
|  68|0x0000000707200000, 0x0000000707200000, 0x0000000707300000|  0%| F|  |TAMS 0x0000000707200000, 0x0000000707200000| Untracked 
|  69|0x0000000707300000, 0x0000000707300000, 0x0000000707400000|  0%| F|  |TAMS 0x0000000707300000, 0x0000000707300000| Untracked 
|  70|0x0000000707400000, 0x0000000707400000, 0x0000000707500000|  0%| F|  |TAMS 0x0000000707400000, 0x0000000707400000| Untracked 
|  71|0x0000000707500000, 0x0000000707500000, 0x0000000707600000|  0%| F|  |TAMS 0x0000000707500000, 0x0000000707500000| Untracked 
|  72|0x0000000707600000, 0x0000000707600000, 0x0000000707700000|  0%| F|  |TAMS 0x0000000707600000, 0x0000000707600000| Untracked 
|  73|0x0000000707700000, 0x0000000707700000, 0x0000000707800000|  0%| F|  |TAMS 0x0000000707700000, 0x0000000707700000| Untracked 
|  74|0x0000000707800000, 0x0000000707800000, 0x0000000707900000|  0%| F|  |TAMS 0x0000000707800000, 0x0000000707800000| Untracked 
|  75|0x0000000707900000, 0x0000000707900000, 0x0000000707a00000|  0%| F|  |TAMS 0x0000000707900000, 0x0000000707900000| Untracked 
|  76|0x0000000707a00000, 0x0000000707a00000, 0x0000000707b00000|  0%| F|  |TAMS 0x0000000707a00000, 0x0000000707a00000| Untracked 
|  77|0x0000000707b00000, 0x0000000707b00000, 0x0000000707c00000|  0%| F|  |TAMS 0x0000000707b00000, 0x0000000707b00000| Untracked 
|  78|0x0000000707c00000, 0x0000000707c00000, 0x0000000707d00000|  0%| F|  |TAMS 0x0000000707c00000, 0x0000000707c00000| Untracked 
|  79|0x0000000707d00000, 0x0000000707d00000, 0x0000000707e00000|  0%| F|  |TAMS 0x0000000707d00000, 0x0000000707d00000| Untracked 
|  80|0x0000000707e00000, 0x0000000707e00000, 0x0000000707f00000|  0%| F|  |TAMS 0x0000000707e00000, 0x0000000707e00000| Untracked 
|  81|0x0000000707f00000, 0x0000000707f00000, 0x0000000708000000|  0%| F|  |TAMS 0x0000000707f00000, 0x0000000707f00000| Untracked 
|  82|0x0000000708000000, 0x0000000708000000, 0x0000000708100000|  0%| F|  |TAMS 0x0000000708000000, 0x0000000708000000| Untracked 
|  83|0x0000000708100000, 0x0000000708100000, 0x0000000708200000|  0%| F|  |TAMS 0x0000000708100000, 0x0000000708100000| Untracked 
|  84|0x0000000708200000, 0x0000000708200000, 0x0000000708300000|  0%| F|  |TAMS 0x0000000708200000, 0x0000000708200000| Untracked 
|  85|0x0000000708300000, 0x0000000708300000, 0x0000000708400000|  0%| F|  |TAMS 0x0000000708300000, 0x0000000708300000| Untracked 
|  86|0x0000000708400000, 0x0000000708400000, 0x0000000708500000|  0%| F|  |TAMS 0x0000000708400000, 0x0000000708400000| Untracked 
|  87|0x0000000708500000, 0x0000000708500000, 0x0000000708600000|  0%| F|  |TAMS 0x0000000708500000, 0x0000000708500000| Untracked 
|  88|0x0000000708600000, 0x0000000708600000, 0x0000000708700000|  0%| F|  |TAMS 0x0000000708600000, 0x0000000708600000| Untracked 
|  89|0x0000000708700000, 0x0000000708700000, 0x0000000708800000|  0%| F|  |TAMS 0x0000000708700000, 0x0000000708700000| Untracked 
|  90|0x0000000708800000, 0x0000000708800000, 0x0000000708900000|  0%| F|  |TAMS 0x0000000708800000, 0x0000000708800000| Untracked 
|  91|0x0000000708900000, 0x0000000708900000, 0x0000000708a00000|  0%| F|  |TAMS 0x0000000708900000, 0x0000000708900000| Untracked 
|  92|0x0000000708a00000, 0x0000000708a00000, 0x0000000708b00000|  0%| F|  |TAMS 0x0000000708a00000, 0x0000000708a00000| Untracked 
|  93|0x0000000708b00000, 0x0000000708b00000, 0x0000000708c00000|  0%| F|  |TAMS 0x0000000708b00000, 0x0000000708b00000| Untracked 
|  94|0x0000000708c00000, 0x0000000708c00000, 0x0000000708d00000|  0%| F|  |TAMS 0x0000000708c00000, 0x0000000708c00000| Untracked 
|  95|0x0000000708d00000, 0x0000000708d00000, 0x0000000708e00000|  0%| F|  |TAMS 0x0000000708d00000, 0x0000000708d00000| Untracked 
|  96|0x0000000708e00000, 0x0000000708e00000, 0x0000000708f00000|  0%| F|  |TAMS 0x0000000708e00000, 0x0000000708e00000| Untracked 
|  97|0x0000000708f00000, 0x0000000708f00000, 0x0000000709000000|  0%| F|  |TAMS 0x0000000708f00000, 0x0000000708f00000| Untracked 
|  98|0x0000000709000000, 0x0000000709000000, 0x0000000709100000|  0%| F|  |TAMS 0x0000000709000000, 0x0000000709000000| Untracked 
|  99|0x0000000709100000, 0x0000000709100000, 0x0000000709200000|  0%| F|  |TAMS 0x0000000709100000, 0x0000000709100000| Untracked 
| 100|0x0000000709200000, 0x0000000709200000, 0x0000000709300000|  0%| F|  |TAMS 0x0000000709200000, 0x0000000709200000| Untracked 
| 101|0x0000000709300000, 0x0000000709300000, 0x0000000709400000|  0%| F|  |TAMS 0x0000000709300000, 0x0000000709300000| Untracked 
| 102|0x0000000709400000, 0x0000000709400000, 0x0000000709500000|  0%| F|  |TAMS 0x0000000709400000, 0x0000000709400000| Untracked 
| 103|0x0000000709500000, 0x0000000709500000, 0x0000000709600000|  0%| F|  |TAMS 0x0000000709500000, 0x0000000709500000| Untracked 
| 104|0x0000000709600000, 0x0000000709600000, 0x0000000709700000|  0%| F|  |TAMS 0x0000000709600000, 0x0000000709600000| Untracked 
| 105|0x0000000709700000, 0x0000000709700000, 0x0000000709800000|  0%| F|  |TAMS 0x0000000709700000, 0x0000000709700000| Untracked 
| 106|0x0000000709800000, 0x0000000709800000, 0x0000000709900000|  0%| F|  |TAMS 0x0000000709800000, 0x0000000709800000| Untracked 
| 107|0x0000000709900000, 0x0000000709900000, 0x0000000709a00000|  0%| F|  |TAMS 0x0000000709900000, 0x0000000709900000| Untracked 
| 108|0x0000000709a00000, 0x0000000709a00000, 0x0000000709b00000|  0%| F|  |TAMS 0x0000000709a00000, 0x0000000709a00000| Untracked 
| 109|0x0000000709b00000, 0x0000000709b00000, 0x0000000709c00000|  0%| F|  |TAMS 0x0000000709b00000, 0x0000000709b00000| Untracked 
| 110|0x0000000709c00000, 0x0000000709c00000, 0x0000000709d00000|  0%| F|  |TAMS 0x0000000709c00000, 0x0000000709c00000| Untracked 
| 111|0x0000000709d00000, 0x0000000709d00000, 0x0000000709e00000|  0%| F|  |TAMS 0x0000000709d00000, 0x0000000709d00000| Untracked 
| 112|0x0000000709e00000, 0x0000000709e00000, 0x0000000709f00000|  0%| F|  |TAMS 0x0000000709e00000, 0x0000000709e00000| Untracked 
| 113|0x0000000709f00000, 0x0000000709f00000, 0x000000070a000000|  0%| F|  |TAMS 0x0000000709f00000, 0x0000000709f00000| Untracked 
| 114|0x000000070a000000, 0x000000070a000000, 0x000000070a100000|  0%| F|  |TAMS 0x000000070a000000, 0x000000070a000000| Untracked 
| 115|0x000000070a100000, 0x000000070a100000, 0x000000070a200000|  0%| F|  |TAMS 0x000000070a100000, 0x000000070a100000| Untracked 
| 116|0x000000070a200000, 0x000000070a200000, 0x000000070a300000|  0%| F|  |TAMS 0x000000070a200000, 0x000000070a200000| Untracked 
| 117|0x000000070a300000, 0x000000070a300000, 0x000000070a400000|  0%| F|  |TAMS 0x000000070a300000, 0x000000070a300000| Untracked 
| 118|0x000000070a400000, 0x000000070a400000, 0x000000070a500000|  0%| F|  |TAMS 0x000000070a400000, 0x000000070a400000| Untracked 
| 119|0x000000070a500000, 0x000000070a500000, 0x000000070a600000|  0%| F|  |TAMS 0x000000070a500000, 0x000000070a500000| Untracked 
| 120|0x000000070a600000, 0x000000070a600000, 0x000000070a700000|  0%| F|  |TAMS 0x000000070a600000, 0x000000070a600000| Untracked 
| 121|0x000000070a700000, 0x000000070a700000, 0x000000070a800000|  0%| F|  |TAMS 0x000000070a700000, 0x000000070a700000| Untracked 
| 122|0x000000070a800000, 0x000000070a800000, 0x000000070a900000|  0%| F|  |TAMS 0x000000070a800000, 0x000000070a800000| Untracked 
| 123|0x000000070a900000, 0x000000070a900000, 0x000000070aa00000|  0%| F|  |TAMS 0x000000070a900000, 0x000000070a900000| Untracked 
| 124|0x000000070aa00000, 0x000000070aa00000, 0x000000070ab00000|  0%| F|  |TAMS 0x000000070aa00000, 0x000000070aa00000| Untracked 
| 125|0x000000070ab00000, 0x000000070ab00000, 0x000000070ac00000|  0%| F|  |TAMS 0x000000070ab00000, 0x000000070ab00000| Untracked 
| 126|0x000000070ac00000, 0x000000070ac00000, 0x000000070ad00000|  0%| F|  |TAMS 0x000000070ac00000, 0x000000070ac00000| Untracked 
| 127|0x000000070ad00000, 0x000000070ad00000, 0x000000070ae00000|  0%| F|  |TAMS 0x000000070ad00000, 0x000000070ad00000| Untracked 
| 128|0x000000070ae00000, 0x000000070ae00000, 0x000000070af00000|  0%| F|  |TAMS 0x000000070ae00000, 0x000000070ae00000| Untracked 
| 129|0x000000070af00000, 0x000000070af00000, 0x000000070b000000|  0%| F|  |TAMS 0x000000070af00000, 0x000000070af00000| Untracked 
| 130|0x000000070b000000, 0x000000070b000000, 0x000000070b100000|  0%| F|  |TAMS 0x000000070b000000, 0x000000070b000000| Untracked 
| 131|0x000000070b100000, 0x000000070b100000, 0x000000070b200000|  0%| F|  |TAMS 0x000000070b100000, 0x000000070b100000| Untracked 
| 132|0x000000070b200000, 0x000000070b200000, 0x000000070b300000|  0%| F|  |TAMS 0x000000070b200000, 0x000000070b200000| Untracked 
| 133|0x000000070b300000, 0x000000070b300000, 0x000000070b400000|  0%| F|  |TAMS 0x000000070b300000, 0x000000070b300000| Untracked 
| 134|0x000000070b400000, 0x000000070b400000, 0x000000070b500000|  0%| F|  |TAMS 0x000000070b400000, 0x000000070b400000| Untracked 
| 135|0x000000070b500000, 0x000000070b500000, 0x000000070b600000|  0%| F|  |TAMS 0x000000070b500000, 0x000000070b500000| Untracked 
| 136|0x000000070b600000, 0x000000070b600000, 0x000000070b700000|  0%| F|  |TAMS 0x000000070b600000, 0x000000070b600000| Untracked 
| 137|0x000000070b700000, 0x000000070b700000, 0x000000070b800000|  0%| F|  |TAMS 0x000000070b700000, 0x000000070b700000| Untracked 
| 138|0x000000070b800000, 0x000000070b800000, 0x000000070b900000|  0%| F|  |TAMS 0x000000070b800000, 0x000000070b800000| Untracked 
| 139|0x000000070b900000, 0x000000070b900000, 0x000000070ba00000|  0%| F|  |TAMS 0x000000070b900000, 0x000000070b900000| Untracked 
| 140|0x000000070ba00000, 0x000000070ba00000, 0x000000070bb00000|  0%| F|  |TAMS 0x000000070ba00000, 0x000000070ba00000| Untracked 
| 141|0x000000070bb00000, 0x000000070bb00000, 0x000000070bc00000|  0%| F|  |TAMS 0x000000070bb00000, 0x000000070bb00000| Untracked 
| 142|0x000000070bc00000, 0x000000070bc00000, 0x000000070bd00000|  0%| F|  |TAMS 0x000000070bc00000, 0x000000070bc00000| Untracked 
| 143|0x000000070bd00000, 0x000000070bd00000, 0x000000070be00000|  0%| F|  |TAMS 0x000000070bd00000, 0x000000070bd00000| Untracked 
| 144|0x000000070be00000, 0x000000070be00000, 0x000000070bf00000|  0%| F|  |TAMS 0x000000070be00000, 0x000000070be00000| Untracked 
| 145|0x000000070bf00000, 0x000000070bf00000, 0x000000070c000000|  0%| F|  |TAMS 0x000000070bf00000, 0x000000070bf00000| Untracked 
| 146|0x000000070c000000, 0x000000070c000000, 0x000000070c100000|  0%| F|  |TAMS 0x000000070c000000, 0x000000070c000000| Untracked 
| 147|0x000000070c100000, 0x000000070c100000, 0x000000070c200000|  0%| F|  |TAMS 0x000000070c100000, 0x000000070c100000| Untracked 
| 148|0x000000070c200000, 0x000000070c200000, 0x000000070c300000|  0%| F|  |TAMS 0x000000070c200000, 0x000000070c200000| Untracked 
| 149|0x000000070c300000, 0x000000070c300000, 0x000000070c400000|  0%| F|  |TAMS 0x000000070c300000, 0x000000070c300000| Untracked 
| 150|0x000000070c400000, 0x000000070c400000, 0x000000070c500000|  0%| F|  |TAMS 0x000000070c400000, 0x000000070c400000| Untracked 
| 151|0x000000070c500000, 0x000000070c500000, 0x000000070c600000|  0%| F|  |TAMS 0x000000070c500000, 0x000000070c500000| Untracked 
| 152|0x000000070c600000, 0x000000070c600000, 0x000000070c700000|  0%| F|  |TAMS 0x000000070c600000, 0x000000070c600000| Untracked 
| 153|0x000000070c700000, 0x000000070c700000, 0x000000070c800000|  0%| F|  |TAMS 0x000000070c700000, 0x000000070c700000| Untracked 
| 154|0x000000070c800000, 0x000000070c800000, 0x000000070c900000|  0%| F|  |TAMS 0x000000070c800000, 0x000000070c800000| Untracked 
| 155|0x000000070c900000, 0x000000070c900000, 0x000000070ca00000|  0%| F|  |TAMS 0x000000070c900000, 0x000000070c900000| Untracked 
| 156|0x000000070ca00000, 0x000000070ca00000, 0x000000070cb00000|  0%| F|  |TAMS 0x000000070ca00000, 0x000000070ca00000| Untracked 
| 157|0x000000070cb00000, 0x000000070cb00000, 0x000000070cc00000|  0%| F|  |TAMS 0x000000070cb00000, 0x000000070cb00000| Untracked 
| 158|0x000000070cc00000, 0x000000070cc00000, 0x000000070cd00000|  0%| F|  |TAMS 0x000000070cc00000, 0x000000070cc00000| Untracked 
| 159|0x000000070cd00000, 0x000000070cd00000, 0x000000070ce00000|  0%| F|  |TAMS 0x000000070cd00000, 0x000000070cd00000| Untracked 
| 160|0x000000070ce00000, 0x000000070ce00000, 0x000000070cf00000|  0%| F|  |TAMS 0x000000070ce00000, 0x000000070ce00000| Untracked 
| 161|0x000000070cf00000, 0x000000070cf00000, 0x000000070d000000|  0%| F|  |TAMS 0x000000070cf00000, 0x000000070cf00000| Untracked 
| 162|0x000000070d000000, 0x000000070d000000, 0x000000070d100000|  0%| F|  |TAMS 0x000000070d000000, 0x000000070d000000| Untracked 
| 163|0x000000070d100000, 0x000000070d100000, 0x000000070d200000|  0%| F|  |TAMS 0x000000070d100000, 0x000000070d100000| Untracked 
| 164|0x000000070d200000, 0x000000070d200000, 0x000000070d300000|  0%| F|  |TAMS 0x000000070d200000, 0x000000070d200000| Untracked 
| 165|0x000000070d300000, 0x000000070d300000, 0x000000070d400000|  0%| F|  |TAMS 0x000000070d300000, 0x000000070d300000| Untracked 
| 166|0x000000070d400000, 0x000000070d400000, 0x000000070d500000|  0%| F|  |TAMS 0x000000070d400000, 0x000000070d400000| Untracked 
| 167|0x000000070d500000, 0x000000070d500000, 0x000000070d600000|  0%| F|  |TAMS 0x000000070d500000, 0x000000070d500000| Untracked 
| 168|0x000000070d600000, 0x000000070d600000, 0x000000070d700000|  0%| F|  |TAMS 0x000000070d600000, 0x000000070d600000| Untracked 
| 169|0x000000070d700000, 0x000000070d700000, 0x000000070d800000|  0%| F|  |TAMS 0x000000070d700000, 0x000000070d700000| Untracked 
| 170|0x000000070d800000, 0x000000070d800000, 0x000000070d900000|  0%| F|  |TAMS 0x000000070d800000, 0x000000070d800000| Untracked 
| 171|0x000000070d900000, 0x000000070d900000, 0x000000070da00000|  0%| F|  |TAMS 0x000000070d900000, 0x000000070d900000| Untracked 
| 172|0x000000070da00000, 0x000000070da00000, 0x000000070db00000|  0%| F|  |TAMS 0x000000070da00000, 0x000000070da00000| Untracked 
| 173|0x000000070db00000, 0x000000070db00000, 0x000000070dc00000|  0%| F|  |TAMS 0x000000070db00000, 0x000000070db00000| Untracked 
| 174|0x000000070dc00000, 0x000000070dc00000, 0x000000070dd00000|  0%| F|  |TAMS 0x000000070dc00000, 0x000000070dc00000| Untracked 
| 175|0x000000070dd00000, 0x000000070dd00000, 0x000000070de00000|  0%| F|  |TAMS 0x000000070dd00000, 0x000000070dd00000| Untracked 
| 176|0x000000070de00000, 0x000000070de00000, 0x000000070df00000|  0%| F|  |TAMS 0x000000070de00000, 0x000000070de00000| Untracked 
| 177|0x000000070df00000, 0x000000070df00000, 0x000000070e000000|  0%| F|  |TAMS 0x000000070df00000, 0x000000070df00000| Untracked 
| 178|0x000000070e000000, 0x000000070e000000, 0x000000070e100000|  0%| F|  |TAMS 0x000000070e000000, 0x000000070e000000| Untracked 
| 179|0x000000070e100000, 0x000000070e100000, 0x000000070e200000|  0%| F|  |TAMS 0x000000070e100000, 0x000000070e100000| Untracked 
| 180|0x000000070e200000, 0x000000070e200000, 0x000000070e300000|  0%| F|  |TAMS 0x000000070e200000, 0x000000070e200000| Untracked 
| 181|0x000000070e300000, 0x000000070e300000, 0x000000070e400000|  0%| F|  |TAMS 0x000000070e300000, 0x000000070e300000| Untracked 
| 182|0x000000070e400000, 0x000000070e400000, 0x000000070e500000|  0%| F|  |TAMS 0x000000070e400000, 0x000000070e400000| Untracked 
| 183|0x000000070e500000, 0x000000070e500000, 0x000000070e600000|  0%| F|  |TAMS 0x000000070e500000, 0x000000070e500000| Untracked 
| 184|0x000000070e600000, 0x000000070e600000, 0x000000070e700000|  0%| F|  |TAMS 0x000000070e600000, 0x000000070e600000| Untracked 
| 185|0x000000070e700000, 0x000000070e700000, 0x000000070e800000|  0%| F|  |TAMS 0x000000070e700000, 0x000000070e700000| Untracked 
| 186|0x000000070e800000, 0x000000070e800000, 0x000000070e900000|  0%| F|  |TAMS 0x000000070e800000, 0x000000070e800000| Untracked 
| 187|0x000000070e900000, 0x000000070e900000, 0x000000070ea00000|  0%| F|  |TAMS 0x000000070e900000, 0x000000070e900000| Untracked 
| 188|0x000000070ea00000, 0x000000070ea00000, 0x000000070eb00000|  0%| F|  |TAMS 0x000000070ea00000, 0x000000070ea00000| Untracked 
| 189|0x000000070eb00000, 0x000000070eb00000, 0x000000070ec00000|  0%| F|  |TAMS 0x000000070eb00000, 0x000000070eb00000| Untracked 
| 190|0x000000070ec00000, 0x000000070ec00000, 0x000000070ed00000|  0%| F|  |TAMS 0x000000070ec00000, 0x000000070ec00000| Untracked 
| 191|0x000000070ed00000, 0x000000070ed00000, 0x000000070ee00000|  0%| F|  |TAMS 0x000000070ed00000, 0x000000070ed00000| Untracked 
| 192|0x000000070ee00000, 0x000000070ee00000, 0x000000070ef00000|  0%| F|  |TAMS 0x000000070ee00000, 0x000000070ee00000| Untracked 
| 193|0x000000070ef00000, 0x000000070ef00000, 0x000000070f000000|  0%| F|  |TAMS 0x000000070ef00000, 0x000000070ef00000| Untracked 
| 194|0x000000070f000000, 0x000000070f000000, 0x000000070f100000|  0%| F|  |TAMS 0x000000070f000000, 0x000000070f000000| Untracked 
| 195|0x000000070f100000, 0x000000070f100000, 0x000000070f200000|  0%| F|  |TAMS 0x000000070f100000, 0x000000070f100000| Untracked 
| 196|0x000000070f200000, 0x000000070f200000, 0x000000070f300000|  0%| F|  |TAMS 0x000000070f200000, 0x000000070f200000| Untracked 
| 197|0x000000070f300000, 0x000000070f300000, 0x000000070f400000|  0%| F|  |TAMS 0x000000070f300000, 0x000000070f300000| Untracked 
| 198|0x000000070f400000, 0x000000070f400000, 0x000000070f500000|  0%| F|  |TAMS 0x000000070f400000, 0x000000070f400000| Untracked 
| 199|0x000000070f500000, 0x000000070f500000, 0x000000070f600000|  0%| F|  |TAMS 0x000000070f500000, 0x000000070f500000| Untracked 
| 200|0x000000070f600000, 0x000000070f600000, 0x000000070f700000|  0%| F|  |TAMS 0x000000070f600000, 0x000000070f600000| Untracked 
| 201|0x000000070f700000, 0x000000070f700000, 0x000000070f800000|  0%| F|  |TAMS 0x000000070f700000, 0x000000070f700000| Untracked 
| 202|0x000000070f800000, 0x000000070f800000, 0x000000070f900000|  0%| F|  |TAMS 0x000000070f800000, 0x000000070f800000| Untracked 
| 203|0x000000070f900000, 0x000000070f900000, 0x000000070fa00000|  0%| F|  |TAMS 0x000000070f900000, 0x000000070f900000| Untracked 
| 204|0x000000070fa00000, 0x000000070fa00000, 0x000000070fb00000|  0%| F|  |TAMS 0x000000070fa00000, 0x000000070fa00000| Untracked 
| 205|0x000000070fb00000, 0x000000070fb00000, 0x000000070fc00000|  0%| F|  |TAMS 0x000000070fb00000, 0x000000070fb00000| Untracked 
| 206|0x000000070fc00000, 0x000000070fc00000, 0x000000070fd00000|  0%| F|  |TAMS 0x000000070fc00000, 0x000000070fc00000| Untracked 
| 207|0x000000070fd00000, 0x000000070fd00000, 0x000000070fe00000|  0%| F|  |TAMS 0x000000070fd00000, 0x000000070fd00000| Untracked 
| 208|0x000000070fe00000, 0x000000070fe00000, 0x000000070ff00000|  0%| F|  |TAMS 0x000000070fe00000, 0x000000070fe00000| Untracked 
| 209|0x000000070ff00000, 0x000000070ff00000, 0x0000000710000000|  0%| F|  |TAMS 0x000000070ff00000, 0x000000070ff00000| Untracked 
| 210|0x0000000710000000, 0x0000000710000000, 0x0000000710100000|  0%| F|  |TAMS 0x0000000710000000, 0x0000000710000000| Untracked 
| 211|0x0000000710100000, 0x0000000710100000, 0x0000000710200000|  0%| F|  |TAMS 0x0000000710100000, 0x0000000710100000| Untracked 
| 212|0x0000000710200000, 0x0000000710200000, 0x0000000710300000|  0%| F|  |TAMS 0x0000000710200000, 0x0000000710200000| Untracked 
| 213|0x0000000710300000, 0x0000000710300000, 0x0000000710400000|  0%| F|  |TAMS 0x0000000710300000, 0x0000000710300000| Untracked 
| 214|0x0000000710400000, 0x0000000710400000, 0x0000000710500000|  0%| F|  |TAMS 0x0000000710400000, 0x0000000710400000| Untracked 
| 215|0x0000000710500000, 0x0000000710500000, 0x0000000710600000|  0%| F|  |TAMS 0x0000000710500000, 0x0000000710500000| Untracked 
| 216|0x0000000710600000, 0x0000000710600000, 0x0000000710700000|  0%| F|  |TAMS 0x0000000710600000, 0x0000000710600000| Untracked 
| 217|0x0000000710700000, 0x0000000710700000, 0x0000000710800000|  0%| F|  |TAMS 0x0000000710700000, 0x0000000710700000| Untracked 
| 218|0x0000000710800000, 0x0000000710800000, 0x0000000710900000|  0%| F|  |TAMS 0x0000000710800000, 0x0000000710800000| Untracked 
| 219|0x0000000710900000, 0x0000000710900000, 0x0000000710a00000|  0%| F|  |TAMS 0x0000000710900000, 0x0000000710900000| Untracked 
| 220|0x0000000710a00000, 0x0000000710a00000, 0x0000000710b00000|  0%| F|  |TAMS 0x0000000710a00000, 0x0000000710a00000| Untracked 
| 221|0x0000000710b00000, 0x0000000710b00000, 0x0000000710c00000|  0%| F|  |TAMS 0x0000000710b00000, 0x0000000710b00000| Untracked 
| 222|0x0000000710c00000, 0x0000000710c00000, 0x0000000710d00000|  0%| F|  |TAMS 0x0000000710c00000, 0x0000000710c00000| Untracked 
| 223|0x0000000710d00000, 0x0000000710d00000, 0x0000000710e00000|  0%| F|  |TAMS 0x0000000710d00000, 0x0000000710d00000| Untracked 
| 224|0x0000000710e00000, 0x0000000710e00000, 0x0000000710f00000|  0%| F|  |TAMS 0x0000000710e00000, 0x0000000710e00000| Untracked 
| 225|0x0000000710f00000, 0x0000000710f00000, 0x0000000711000000|  0%| F|  |TAMS 0x0000000710f00000, 0x0000000710f00000| Untracked 
| 226|0x0000000711000000, 0x0000000711000000, 0x0000000711100000|  0%| F|  |TAMS 0x0000000711000000, 0x0000000711000000| Untracked 
| 227|0x0000000711100000, 0x0000000711200000, 0x0000000711200000|100%| S|CS|TAMS 0x0000000711100000, 0x0000000711100000| Complete 
| 228|0x0000000711200000, 0x0000000711300000, 0x0000000711300000|100%| S|CS|TAMS 0x0000000711200000, 0x0000000711200000| Complete 
| 229|0x0000000711300000, 0x0000000711400000, 0x0000000711400000|100%| S|CS|TAMS 0x0000000711300000, 0x0000000711300000| Complete 
| 230|0x0000000711400000, 0x0000000711400000, 0x0000000711500000|  0%| F|  |TAMS 0x0000000711400000, 0x0000000711400000| Untracked 
| 231|0x0000000711500000, 0x0000000711500000, 0x0000000711600000|  0%| F|  |TAMS 0x0000000711500000, 0x0000000711500000| Untracked 
| 232|0x0000000711600000, 0x0000000711600000, 0x0000000711700000|  0%| F|  |TAMS 0x0000000711600000, 0x0000000711600000| Untracked 
| 233|0x0000000711700000, 0x0000000711700000, 0x0000000711800000|  0%| F|  |TAMS 0x0000000711700000, 0x0000000711700000| Untracked 
| 234|0x0000000711800000, 0x0000000711800000, 0x0000000711900000|  0%| F|  |TAMS 0x0000000711800000, 0x0000000711800000| Untracked 
| 235|0x0000000711900000, 0x0000000711a00000, 0x0000000711a00000|100%| E|  |TAMS 0x0000000711900000, 0x0000000711900000| Complete 
| 236|0x0000000711a00000, 0x0000000711b00000, 0x0000000711b00000|100%| E|CS|TAMS 0x0000000711a00000, 0x0000000711a00000| Complete 
| 237|0x0000000711b00000, 0x0000000711c00000, 0x0000000711c00000|100%| E|CS|TAMS 0x0000000711b00000, 0x0000000711b00000| Complete 
| 238|0x0000000711c00000, 0x0000000711d00000, 0x0000000711d00000|100%| E|CS|TAMS 0x0000000711c00000, 0x0000000711c00000| Complete 
| 239|0x0000000711d00000, 0x0000000711e00000, 0x0000000711e00000|100%| E|CS|TAMS 0x0000000711d00000, 0x0000000711d00000| Complete 
| 240|0x0000000711e00000, 0x0000000711f00000, 0x0000000711f00000|100%| E|CS|TAMS 0x0000000711e00000, 0x0000000711e00000| Complete 
| 241|0x0000000711f00000, 0x0000000712000000, 0x0000000712000000|100%| E|CS|TAMS 0x0000000711f00000, 0x0000000711f00000| Complete 
| 242|0x0000000712000000, 0x0000000712100000, 0x0000000712100000|100%| E|CS|TAMS 0x0000000712000000, 0x0000000712000000| Complete 
| 243|0x0000000712100000, 0x0000000712200000, 0x0000000712200000|100%| E|CS|TAMS 0x0000000712100000, 0x0000000712100000| Complete 
| 244|0x0000000712200000, 0x0000000712300000, 0x0000000712300000|100%| E|CS|TAMS 0x0000000712200000, 0x0000000712200000| Complete 
| 245|0x0000000712300000, 0x0000000712400000, 0x0000000712400000|100%| E|CS|TAMS 0x0000000712300000, 0x0000000712300000| Complete 
| 246|0x0000000712400000, 0x0000000712500000, 0x0000000712500000|100%| E|CS|TAMS 0x0000000712400000, 0x0000000712400000| Complete 
| 247|0x0000000712500000, 0x0000000712600000, 0x0000000712600000|100%| E|CS|TAMS 0x0000000712500000, 0x0000000712500000| Complete 
| 248|0x0000000712600000, 0x0000000712700000, 0x0000000712700000|100%| E|CS|TAMS 0x0000000712600000, 0x0000000712600000| Complete 
| 249|0x0000000712700000, 0x0000000712800000, 0x0000000712800000|100%| E|CS|TAMS 0x0000000712700000, 0x0000000712700000| Complete 
| 250|0x0000000712800000, 0x0000000712900000, 0x0000000712900000|100%| E|CS|TAMS 0x0000000712800000, 0x0000000712800000| Complete 
| 251|0x0000000712900000, 0x0000000712a00000, 0x0000000712a00000|100%| E|CS|TAMS 0x0000000712900000, 0x0000000712900000| Complete 
| 252|0x0000000712a00000, 0x0000000712b00000, 0x0000000712b00000|100%| E|CS|TAMS 0x0000000712a00000, 0x0000000712a00000| Complete 
| 253|0x0000000712b00000, 0x0000000712c00000, 0x0000000712c00000|100%| E|CS|TAMS 0x0000000712b00000, 0x0000000712b00000| Complete 

Card table byte_map: [0x000001cd77e60000,0x000001cd78650000] _byte_map_base: 0x000001cd74649000

Marking Bits (Prev, Next): (CMBitMap*) 0x000001cd6ec6c828, (CMBitMap*) 0x000001cd6ec6c860
 Prev Bits: [0x000001cd78e40000, 0x000001cd7cd88000)
 Next Bits: [0x000001cd0f000000, 0x000001cd12f48000)

Polling page: 0x000001cd6cbb0000

Metaspace:

Usage:
  Non-class:     16.31 MB capacity,    16.07 MB ( 99%) used,   195.52 KB (  1%) free+waste,    53.19 KB ( <1%) overhead. 
      Class:      2.34 MB capacity,     2.15 MB ( 92%) used,   166.62 KB (  7%) free+waste,    26.38 KB (  1%) overhead. 
       Both:     18.65 MB capacity,    18.22 MB ( 98%) used,   362.14 KB (  2%) free+waste,    79.56 KB ( <1%) overhead. 

Virtual space:
  Non-class space:       18.00 MB reserved,      16.50 MB ( 92%) committed 
      Class space:        1.00 GB reserved,       2.38 MB ( <1%) committed 
             Both:        1.02 GB reserved,      18.88 MB (  2%) committed 

Chunk freelists:
   Non-Class:  4.00 KB
       Class:  4.00 KB
        Both:  8.00 KB

MaxMetaspaceSize: 17179869184.00 GB
CompressedClassSpaceSize: 1.00 GB
Initial GC threshold: 20.80 MB
Current GC threshold: 20.80 MB
CDS: off

CodeHeap 'non-profiled nmethods': size=120000Kb used=581Kb max_used=581Kb free=119418Kb
 bounds [0x000001cd07ad0000, 0x000001cd07d40000, 0x000001cd0f000000]
CodeHeap 'profiled nmethods': size=120000Kb used=2590Kb max_used=2590Kb free=117409Kb
 bounds [0x000001cd005a0000, 0x000001cd00830000, 0x000001cd07ad0000]
CodeHeap 'non-nmethods': size=5760Kb used=1357Kb max_used=1370Kb free=4403Kb
 bounds [0x000001cd00000000, 0x000001cd00270000, 0x000001cd005a0000]
 total_blobs=2073 nmethods=1413 adapters=572
 compilation: enabled
              stopped_count=0, restarted_count=0
 full_count=0

Compilation events (20 events):
Event: 1.220 Thread 0x000001cd7fceb000 1393       4       java.lang.StringBuilder::<init> (7 bytes)
Event: 1.222 Thread 0x000001cd7fceb000 nmethod 1393 0x000001cd07b5e210 code [0x000001cd07b5e3a0, 0x000001cd07b5e558]
Event: 1.224 Thread 0x000001cd7fa2f000 1394       3       java.util.Arrays::hashCode (56 bytes)
Event: 1.224 Thread 0x000001cd7fa2f000 nmethod 1394 0x000001cd0081d890 code [0x000001cd0081da60, 0x000001cd0081dda8]
Event: 1.225 Thread 0x000001cd7fa2f000 1395       3       com.sun.javafx.css.StyleClassSet::containsAll (6 bytes)
Event: 1.225 Thread 0x000001cd7fa2f000 nmethod 1395 0x000001cd0081df10 code [0x000001cd0081e0c0, 0x000001cd0081e1e8]
Event: 1.225 Thread 0x000001cd7fa2f000 1396       3       com.sun.javafx.css.BitSet::containsAll (103 bytes)
Event: 1.225 Thread 0x000001cd7fa2f000 nmethod 1396 0x000001cd0081e290 code [0x000001cd0081e480, 0x000001cd0081e9b8]
Event: 1.225 Thread 0x000001cd7fa2f000 1397       3       java.util.ArrayList::toArray (12 bytes)
Event: 1.226 Thread 0x000001cd7fa2f000 nmethod 1397 0x000001cd0081eb90 code [0x000001cd0081ed60, 0x000001cd0081ef28]
Event: 1.227 Thread 0x000001cd7fa2f000 1398       3       java.lang.invoke.MemberName::<init> (131 bytes)
Event: 1.228 Thread 0x000001cd7fa2f000 nmethod 1398 0x000001cd0081f010 code [0x000001cd0081f360, 0x000001cd00820818]
Event: 1.228 Thread 0x000001cd7fa2f000 1399       3       java.lang.invoke.MemberName::hashCode (43 bytes)
Event: 1.229 Thread 0x000001cd7fa2f000 nmethod 1399 0x000001cd00820e10 code [0x000001cd00821080, 0x000001cd00821e08]
Event: 1.229 Thread 0x000001cd7fa2f000 1400       3       java.util.Objects::hash (5 bytes)
Event: 1.229 Thread 0x000001cd7fa2f000 nmethod 1400 0x000001cd00822190 code [0x000001cd00822340, 0x000001cd00822448]
Event: 1.243 Thread 0x000001cd7fa2f000 1401       1       javafx.css.Selector::getOrdinal (5 bytes)
Event: 1.243 Thread 0x000001cd7fa2f000 nmethod 1401 0x000001cd07b5e610 code [0x000001cd07b5e7c0, 0x000001cd07b5e878]
Event: 1.243 Thread 0x000001cd7fa2f000 1402       1       javafx.css.CssMetaData::getProperty (5 bytes)
Event: 1.243 Thread 0x000001cd7fa2f000 nmethod 1402 0x000001cd07b5e910 code [0x000001cd07b5eac0, 0x000001cd07b5eb78]

GC Heap History (2 events):
Event: 0.899 GC heap before
{Heap before GC invocations=0 (full 0):
 garbage-first heap   total 260096K, used 23552K [0x0000000702e00000, 0x0000000800000000)
  region size 1024K, 24 young (24576K), 0 survivors (0K)
 Metaspace       used 13180K, capacity 13552K, committed 13696K, reserved 1060864K
  class space    used 1413K, capacity 1570K, committed 1664K, reserved 1048576K
}
Event: 0.903 GC heap after
{Heap after GC invocations=1 (full 0):
 garbage-first heap   total 260096K, used 3178K [0x0000000702e00000, 0x0000000800000000)
  region size 1024K, 3 young (3072K), 3 survivors (3072K)
 Metaspace       used 13180K, capacity 13552K, committed 13696K, reserved 1060864K
  class space    used 1413K, capacity 1570K, committed 1664K, reserved 1048576K
}

Deoptimization events (20 events):
Event: 1.132 Thread 0x000001cd7fba8800 Uncommon trap: trap_request=0xffffffc6 fr.pc=0x000001cd07b5049c relative=0x000000000000043c
Event: 1.132 Thread 0x000001cd7fba8800 Uncommon trap: reason=bimorphic_or_optimized_type_check action=maybe_recompile pc=0x000001cd07b5049c method=java.io.DataInputStream.readByte()B @ 4 c2
Event: 1.132 Thread 0x000001cd7fba8800 DEOPT PACKING pc=0x000001cd07b5049c sp=0x000000686b5fbf20
Event: 1.132 Thread 0x000001cd7fba8800 DEOPT UNPACKING pc=0x000001cd0004a1af sp=0x000000686b5fbee8 mode 2
Event: 1.144 Thread 0x000001cd7fba8800 DEOPT PACKING pc=0x000001cd00803e6c sp=0x000000686b5fbda0
Event: 1.144 Thread 0x000001cd7fba8800 DEOPT UNPACKING pc=0x000001cd0004a95e sp=0x000000686b5fb248 mode 0
Event: 1.144 Thread 0x000001cd7fba8800 DEOPT PACKING pc=0x000001cd00803e6c sp=0x000000686b5fbda0
Event: 1.144 Thread 0x000001cd7fba8800 DEOPT UNPACKING pc=0x000001cd0004a95e sp=0x000000686b5fb248 mode 0
Event: 1.145 Thread 0x000001cd7fba8800 DEOPT PACKING pc=0x000001cd00803e6c sp=0x000000686b5fbda0
Event: 1.145 Thread 0x000001cd7fba8800 DEOPT UNPACKING pc=0x000001cd0004a95e sp=0x000000686b5fb248 mode 0
Event: 1.145 Thread 0x000001cd7fba8800 DEOPT PACKING pc=0x000001cd00803e6c sp=0x000000686b5fbda0
Event: 1.145 Thread 0x000001cd7fba8800 DEOPT UNPACKING pc=0x000001cd0004a95e sp=0x000000686b5fb248 mode 0
Event: 1.225 Thread 0x000001cd7fba8800 Uncommon trap: trap_request=0xffffff4d fr.pc=0x000001cd07b4e4d4 relative=0x0000000000000214
Event: 1.225 Thread 0x000001cd7fba8800 Uncommon trap: reason=unstable_if action=reinterpret pc=0x000001cd07b4e4d4 method=java.util.HashMap.hash(Ljava/lang/Object;)I @ 1 c2
Event: 1.225 Thread 0x000001cd7fba8800 DEOPT PACKING pc=0x000001cd07b4e4d4 sp=0x000000686b5fc1f0
Event: 1.225 Thread 0x000001cd7fba8800 DEOPT UNPACKING pc=0x000001cd0004a1af sp=0x000000686b5fc128 mode 2
Event: 1.241 Thread 0x000001cd7fba8800 Uncommon trap: trap_request=0xffffff4d fr.pc=0x000001cd07af3bec relative=0x000000000000022c
Event: 1.241 Thread 0x000001cd7fba8800 Uncommon trap: reason=unstable_if action=reinterpret pc=0x000001cd07af3bec method=java.util.HashMap.hash(Ljava/lang/Object;)I @ 1 c2
Event: 1.241 Thread 0x000001cd7fba8800 DEOPT PACKING pc=0x000001cd07af3bec sp=0x000000686b5fc190
Event: 1.241 Thread 0x000001cd7fba8800 DEOPT UNPACKING pc=0x000001cd0004a1af sp=0x000000686b5fc128 mode 2

Classes redefined (0 events):
No events

Internal exceptions (20 events):
Event: 0.845 Thread 0x000001cd7fba8800 Exception <a 'java/lang/NoSuchMethodError'{0x0000000711503028}: 'java.lang.Object java.lang.invoke.DelegatingMethodHandle$Holder.reinvoke_L(java.lang.Object, int, int, java.lang.Object, java.lang.Object, java.lang.Object)'> (0x0000000711503028) thrown at [./src/hotspot/share/interpreter/linkResolver.cpp, line 773]
Event: 0.846 Thread 0x000001cd7fba8800 Exception <a 'java/lang/NoSuchMethodError'{0x0000000711506f28}: 'java.lang.Object java.lang.invoke.DirectMethodHandle$Holder.invokeStatic(java.lang.Object, java.lang.Object, java.lang.Object, java.lang.Object, int)'> (0x0000000711506f28) thrown at [./src/hotspot/share/interpreter/linkResolver.cpp, line 773]
Event: 0.862 Thread 0x000001cd7fba8800 Exception <a 'sun/nio/fs/WindowsException'{0x00000007115846e8}> (0x00000007115846e8) thrown at [./src/hotspot/share/prims/jni.cpp, line 615]
Event: 0.914 Thread 0x000001cd7fba8800 Exception <a 'java/lang/NoSuchMethodError'{0x0000000712bf1fa0}: 'java.lang.Object java.lang.invoke.DirectMethodHandle$Holder.invokeStaticInit(java.lang.Object, java.lang.Object, java.lang.Object, java.lang.Object)'> (0x0000000712bf1fa0) thrown at [./src/hotspot/share/interpreter/linkResolver.cpp, line 773]
Event: 0.915 Thread 0x000001cd7fba8800 Exception <a 'java/lang/NullPointerException'{0x0000000712bff960}> (0x0000000712bff960) thrown at [./src/hotspot/share/interpreter/linkResolver.cpp, line 1358]
Event: 0.915 Thread 0x000001cd7fba8800 Exception <a 'java/lang/NullPointerException'{0x0000000712bff960}> (0x0000000712bff960) thrown at [./src/hotspot/share/prims/jvm.cpp, line 1310]
Event: 0.965 Thread 0x000001cd7fba8800 Exception <a 'java/lang/ClassNotFoundException'{0x000000071288b4e8}: com/sun/glass/ui/win/themes> (0x000000071288b4e8) thrown at [./src/hotspot/share/prims/jni.cpp, line 636]
Event: 0.966 Thread 0x000001cd7fba8800 Exception <a 'java/lang/ClassNotFoundException'{0x00000007128972a0}: com/sun/glass/ui/win/themes_en> (0x00000007128972a0) thrown at [./src/hotspot/share/prims/jni.cpp, line 636]
Event: 0.967 Thread 0x000001cd7fba8800 Exception <a 'java/lang/ClassNotFoundException'{0x000000071289f2c8}: com/sun/glass/ui/win/themes_en_US> (0x000000071289f2c8) thrown at [./src/hotspot/share/prims/jni.cpp, line 636]
Event: 0.975 Thread 0x000001cd7fba8800 Exception <a 'java/lang/NoSuchMethodError'{0x0000000712701b08}: 'java.lang.Object java.lang.invoke.DirectMethodHandle$Holder.invokeStatic(java.lang.Object, java.lang.Object, java.lang.Object, java.lang.Object, java.lang.Object, java.lang.Object, java.lang.Object, java.lang.Object, java.lang.Object, java.lang.Object, java.lang.Object, int)'> (0x0000000712701b08) thrown at [./src/hotspot/share/interpreter/linkResolver.cpp, line 773]
Event: 0.977 Thread 0x000001cd7fba8800 Exception <a 'java/lang/NoSuchMethodError'{0x000000071271fcb0}: 'java.lang.Object java.lang.invoke.DirectMethodHandle$Holder.invokeStatic(java.lang.Object, java.lang.Object, java.lang.Object, java.lang.Object, java.lang.Object, java.lang.Object, java.lang.Object, java.lang.Object, java.lang.Object, java.lang.Object, java.lang.Object, int, int)'> (0x000000071271fcb0) thrown at [./src/hotspot/share/interpreter/linkResolver.cpp, line 773]
Event: 0.980 Thread 0x000001cd7fba8800 Exception <a 'java/lang/NoSuchMethodError'{0x000000071273ece8}: 'java.lang.Object java.lang.invoke.DirectMethodHandle$Holder.invokeStatic(java.lang.Object, java.lang.Object, java.lang.Object, java.lang.Object, java.lang.Object, java.lang.Object, java.lang.Object, java.lang.Object, java.lang.Object, java.lang.Object, java.lang.Object, int, int, java.lang.Object)'> (0x000000071273ece8) thrown at [./src/hotspot/share/interpreter/linkResolver.cpp, line 773]
Event: 0.982 Thread 0x000001cd7fba8800 Exception <a 'java/lang/NoSuchMethodError'{0x000000071275f448}: 'java.lang.Object java.lang.invoke.DirectMethodHandle$Holder.invokeStatic(java.lang.Object, java.lang.Object, java.lang.Object, java.lang.Object, java.lang.Object, java.lang.Object, java.lang.Object, java.lang.Object, java.lang.Object, java.lang.Object, java.lang.Object, int, int, java.lang.Object, java.lang.Object)'> (0x000000071275f448) thrown at [./src/hotspot/share/interpreter/linkResolver.cpp, line 773]
Event: 1.086 Thread 0x000001cd7fba8800 Exception <a 'java/lang/NoSuchMethodError'{0x00000007121508b8}: 'void java.lang.invoke.DirectMethodHandle$Holder.invokeStaticInit(java.lang.Object, java.lang.Object)'> (0x00000007121508b8) thrown at [./src/hotspot/share/interpreter/linkResolver.cpp, line 773]
Event: 1.129 Thread 0x000001cd7fba8800 Exception <a 'java/io/FileNotFoundException'{0x0000000711f10db0}> (0x0000000711f10db0) thrown at [./src/hotspot/share/prims/jni.cpp, line 615]
Event: 1.180 Thread 0x000001cd7fba8800 Exception <a 'java/io/FileNotFoundException'{0x0000000711e2cb68}> (0x0000000711e2cb68) thrown at [./src/hotspot/share/prims/jni.cpp, line 615]
Event: 1.180 Thread 0x000001cd7fba8800 Exception <a 'java/io/FileNotFoundException'{0x0000000711e2d330}> (0x0000000711e2d330) thrown at [./src/hotspot/share/prims/jni.cpp, line 615]
Event: 1.201 Thread 0x000001cd7fba8800 Exception <a 'sun/nio/fs/WindowsException'{0x0000000711d9d360}> (0x0000000711d9d360) thrown at [./src/hotspot/share/prims/jni.cpp, line 615]
Event: 1.225 Thread 0x000001cd7fba8800 Implicit null exception at 0x000001cd07b4e2f5 to 0x000001cd07b4e4c4
Event: 1.241 Thread 0x000001cd7fba8800 Implicit null exception at 0x000001cd07af39cf to 0x000001cd07af3bdd

Events (20 events):
Event: 1.227 loading class com/sun/javafx/css/CascadingStyle
Event: 1.227 loading class com/sun/javafx/css/CascadingStyle done
Event: 1.227 loading class com/sun/javafx/css/CascadingStyle
Event: 1.227 loading class com/sun/javafx/css/CascadingStyle done
Event: 1.244 loading class java/lang/System$Logger$Level
Event: 1.244 loading class java/lang/System$Logger$Level done
Event: 1.244 Executing VM operation: RevokeBias
Event: 1.244 Executing VM operation: RevokeBias done
Event: 1.246 loading class javafx/beans/Observable
Event: 1.246 loading class javafx/beans/Observable done
Event: 1.246 loading class javafx/beans/Observable
Event: 1.246 loading class javafx/beans/Observable done
Event: 1.246 loading class javafx/scene/Camera
Event: 1.246 loading class javafx/scene/Camera done
Event: 1.251 loading class javafx/beans/Observable
Event: 1.251 loading class javafx/beans/Observable done
Event: 1.251 loading class javafx/beans/Observable
Event: 1.251 loading class javafx/beans/Observable done
Event: 1.251 loading class javafx/scene/Scene$KeyHandler
Event: 1.251 loading class javafx/scene/Scene$KeyHandler done


Dynamic libraries:
0x00007ff758390000 - 0x00007ff75839d000 	C:\Users\Dinofio\.jdks\corretto-11.0.12\bin\java.exe
0x00007ffaa58b0000 - 0x00007ffaa5aa5000 	C:\WINDOWS\SYSTEM32\ntdll.dll
0x00007ffaa3900000 - 0x00007ffaa39be000 	C:\WINDOWS\System32\KERNEL32.DLL
0x00007ffaa3630000 - 0x00007ffaa38f8000 	C:\WINDOWS\System32\KERNELBASE.dll
0x00007ffaa33f0000 - 0x00007ffaa34f0000 	C:\WINDOWS\System32\ucrtbase.dll
0x00007ffa9d2a0000 - 0x00007ffa9d2b7000 	C:\Users\Dinofio\.jdks\corretto-11.0.12\bin\jli.dll
0x00007ffa9f820000 - 0x00007ffa9f839000 	C:\Users\Dinofio\.jdks\corretto-11.0.12\bin\VCRUNTIME140.dll
0x00007ffaa4120000 - 0x00007ffaa42c1000 	C:\WINDOWS\System32\USER32.dll
0x00007ffaa34f0000 - 0x00007ffaa3512000 	C:\WINDOWS\System32\win32u.dll
0x00007ffaa4b90000 - 0x00007ffaa4bbb000 	C:\WINDOWS\System32\GDI32.dll
0x00007ffa867d0000 - 0x00007ffa86a6a000 	C:\WINDOWS\WinSxS\amd64_microsoft.windows.common-controls_6595b64144ccf1df_6.0.19041.1110_none_60b5254171f9507e\COMCTL32.dll
0x00007ffaa3520000 - 0x00007ffaa362b000 	C:\WINDOWS\System32\gdi32full.dll
0x00007ffaa31c0000 - 0x00007ffaa325d000 	C:\WINDOWS\System32\msvcp_win.dll
0x00007ffaa5020000 - 0x00007ffaa50be000 	C:\WINDOWS\System32\msvcrt.dll
0x00007ffaa3d20000 - 0x00007ffaa3d50000 	C:\WINDOWS\System32\IMM32.DLL
0x00007ffa62d90000 - 0x00007ffa62e2b000 	C:\Users\Dinofio\.jdks\corretto-11.0.12\bin\msvcp140.dll
0x00007ffa41c30000 - 0x00007ffa4278a000 	C:\Users\Dinofio\.jdks\corretto-11.0.12\bin\server\jvm.dll
0x00007ffaa4df0000 - 0x00007ffaa4e9c000 	C:\WINDOWS\System32\ADVAPI32.dll
0x00007ffaa4f80000 - 0x00007ffaa501b000 	C:\WINDOWS\System32\sechost.dll
0x00007ffaa4500000 - 0x00007ffaa462a000 	C:\WINDOWS\System32\RPCRT4.dll
0x00007ffaa4af0000 - 0x00007ffaa4af8000 	C:\WINDOWS\System32\PSAPI.DLL
0x00007ffa96420000 - 0x00007ffa9642a000 	C:\WINDOWS\SYSTEM32\VERSION.dll
0x00007ffa9f3e0000 - 0x00007ffa9f3e9000 	C:\WINDOWS\SYSTEM32\WSOCK32.dll
0x00007ffaa50c0000 - 0x00007ffaa512b000 	C:\WINDOWS\System32\WS2_32.dll
0x00007ffa8e900000 - 0x00007ffa8e927000 	C:\WINDOWS\SYSTEM32\WINMM.dll
0x00007ffaa1860000 - 0x00007ffaa1872000 	C:\WINDOWS\SYSTEM32\kernel.appcore.dll
0x00007ffa9cc30000 - 0x00007ffa9cc40000 	C:\Users\Dinofio\.jdks\corretto-11.0.12\bin\verify.dll
0x00007ffaa1560000 - 0x00007ffaa1744000 	C:\WINDOWS\SYSTEM32\DBGHELP.DLL
0x00007ffa929e0000 - 0x00007ffa92a0c000 	C:\WINDOWS\SYSTEM32\dbgcore.DLL
0x00007ffaa30e0000 - 0x00007ffaa3163000 	C:\WINDOWS\System32\bcryptPrimitives.dll
0x00007ffa7b5c0000 - 0x00007ffa7b5e8000 	C:\Users\Dinofio\.jdks\corretto-11.0.12\bin\java.dll
0x00007ffa9bb20000 - 0x00007ffa9bb2a000 	C:\Users\Dinofio\.jdks\corretto-11.0.12\bin\jimage.dll
0x00007ffa703f0000 - 0x00007ffa703fe000 	C:\Users\Dinofio\.jdks\corretto-11.0.12\bin\instrument.dll
0x00007ffa6adc0000 - 0x00007ffa6add7000 	C:\Users\Dinofio\.jdks\corretto-11.0.12\bin\zip.dll
0x00007ffaa5130000 - 0x00007ffaa586f000 	C:\WINDOWS\System32\SHELL32.dll
0x00007ffaa0d00000 - 0x00007ffaa1490000 	C:\WINDOWS\SYSTEM32\windows.storage.dll
0x00007ffaa39c0000 - 0x00007ffaa3d15000 	C:\WINDOWS\System32\combase.dll
0x00007ffaa2a20000 - 0x00007ffaa2a4e000 	C:\WINDOWS\SYSTEM32\Wldp.dll
0x00007ffaa42d0000 - 0x00007ffaa437d000 	C:\WINDOWS\System32\SHCORE.dll
0x00007ffaa3d50000 - 0x00007ffaa3da5000 	C:\WINDOWS\System32\shlwapi.dll
0x00007ffaa2f10000 - 0x00007ffaa2f2f000 	C:\WINDOWS\SYSTEM32\profapi.dll
0x00007ffa6ada0000 - 0x00007ffa6adb9000 	C:\Users\Dinofio\.jdks\corretto-11.0.12\bin\net.dll
0x00007ffa95f50000 - 0x00007ffa9605c000 	C:\WINDOWS\SYSTEM32\WINHTTP.dll
0x00007ffaa2780000 - 0x00007ffaa27ea000 	C:\WINDOWS\system32\mswsock.dll
0x00007ffa69020000 - 0x00007ffa69032000 	C:\Users\Dinofio\.jdks\corretto-11.0.12\bin\nio.dll
0x00007ffa67a00000 - 0x00007ffa67a1a000 	C:\Program Files\JetBrains\IntelliJ IDEA 2021.2.1\bin\breakgen64.dll
0x000001cd6eb20000 - 0x000001cd6eb23000 	C:\Users\Dinofio\Downloads\javafx-sdk-17.0.1\bin\api-ms-win-core-console-l1-1-0.dll
0x000001cd6eb30000 - 0x000001cd6eb33000 	C:\Users\Dinofio\Downloads\javafx-sdk-17.0.1\bin\api-ms-win-core-console-l1-2-0.dll
0x000001cd6eb40000 - 0x000001cd6eb43000 	C:\Users\Dinofio\Downloads\javafx-sdk-17.0.1\bin\api-ms-win-core-datetime-l1-1-0.dll
0x000001cd6eb50000 - 0x000001cd6eb53000 	C:\Users\Dinofio\Downloads\javafx-sdk-17.0.1\bin\api-ms-win-core-debug-l1-1-0.dll
0x000001cd6eb60000 - 0x000001cd6eb63000 	C:\Users\Dinofio\Downloads\javafx-sdk-17.0.1\bin\api-ms-win-core-errorhandling-l1-1-0.dll
0x000001cd6eb70000 - 0x000001cd6eb74000 	C:\Users\Dinofio\Downloads\javafx-sdk-17.0.1\bin\api-ms-win-core-file-l1-1-0.dll
0x000001cd6eb80000 - 0x000001cd6eb83000 	C:\Users\Dinofio\Downloads\javafx-sdk-17.0.1\bin\api-ms-win-core-file-l1-2-0.dll
0x000001cd6eb90000 - 0x000001cd6eb93000 	C:\Users\Dinofio\Downloads\javafx-sdk-17.0.1\bin\api-ms-win-core-file-l2-1-0.dll
0x000001cd6eba0000 - 0x000001cd6eba3000 	C:\Users\Dinofio\Downloads\javafx-sdk-17.0.1\bin\api-ms-win-core-handle-l1-1-0.dll
0x000001cd6ebb0000 - 0x000001cd6ebb3000 	C:\Users\Dinofio\Downloads\javafx-sdk-17.0.1\bin\api-ms-win-core-heap-l1-1-0.dll
0x000001cd6ebc0000 - 0x000001cd6ebc3000 	C:\Users\Dinofio\Downloads\javafx-sdk-17.0.1\bin\api-ms-win-core-interlocked-l1-1-0.dll
0x000001cd6ebd0000 - 0x000001cd6ebd3000 	C:\Users\Dinofio\Downloads\javafx-sdk-17.0.1\bin\api-ms-win-core-libraryloader-l1-1-0.dll
0x000001cd6ebe0000 - 0x000001cd6ebe3000 	C:\Users\Dinofio\Downloads\javafx-sdk-17.0.1\bin\api-ms-win-core-localization-l1-2-0.dll
0x000001cd7fe40000 - 0x000001cd7fe43000 	C:\Users\Dinofio\Downloads\javafx-sdk-17.0.1\bin\api-ms-win-core-memory-l1-1-0.dll
0x000001cd7fe50000 - 0x000001cd7fe53000 	C:\Users\Dinofio\Downloads\javafx-sdk-17.0.1\bin\api-ms-win-core-namedpipe-l1-1-0.dll
0x000001cd7fe60000 - 0x000001cd7fe63000 	C:\Users\Dinofio\Downloads\javafx-sdk-17.0.1\bin\api-ms-win-core-processenvironment-l1-1-0.dll
0x000001cd7fe70000 - 0x000001cd7fe73000 	C:\Users\Dinofio\Downloads\javafx-sdk-17.0.1\bin\api-ms-win-core-processthreads-l1-1-0.dll
0x000001cd7fe80000 - 0x000001cd7fe83000 	C:\Users\Dinofio\Downloads\javafx-sdk-17.0.1\bin\api-ms-win-core-processthreads-l1-1-1.dll
0x000001cd7fe90000 - 0x000001cd7fe93000 	C:\Users\Dinofio\Downloads\javafx-sdk-17.0.1\bin\api-ms-win-core-profile-l1-1-0.dll
0x000001cd7fea0000 - 0x000001cd7fea3000 	C:\Users\Dinofio\Downloads\javafx-sdk-17.0.1\bin\api-ms-win-core-rtlsupport-l1-1-0.dll
0x000001cd7feb0000 - 0x000001cd7feb3000 	C:\Users\Dinofio\Downloads\javafx-sdk-17.0.1\bin\api-ms-win-core-string-l1-1-0.dll
0x000001cd7fec0000 - 0x000001cd7fec3000 	C:\Users\Dinofio\Downloads\javafx-sdk-17.0.1\bin\api-ms-win-core-synch-l1-1-0.dll
0x000001cd7fed0000 - 0x000001cd7fed3000 	C:\Users\Dinofio\Downloads\javafx-sdk-17.0.1\bin\api-ms-win-core-synch-l1-2-0.dll
0x000001cd7fee0000 - 0x000001cd7fee3000 	C:\Users\Dinofio\Downloads\javafx-sdk-17.0.1\bin\api-ms-win-core-sysinfo-l1-1-0.dll
0x000001cd7fef0000 - 0x000001cd7fef3000 	C:\Users\Dinofio\Downloads\javafx-sdk-17.0.1\bin\api-ms-win-core-timezone-l1-1-0.dll
0x000001cd7ff00000 - 0x000001cd7ff03000 	C:\Users\Dinofio\Downloads\javafx-sdk-17.0.1\bin\api-ms-win-core-util-l1-1-0.dll
0x000001cd7ff10000 - 0x000001cd7ff13000 	C:\Users\Dinofio\Downloads\javafx-sdk-17.0.1\bin\api-ms-win-crt-conio-l1-1-0.dll
0x000001cd7ff20000 - 0x000001cd7ff24000 	C:\Users\Dinofio\Downloads\javafx-sdk-17.0.1\bin\api-ms-win-crt-convert-l1-1-0.dll
0x000001cd7ff30000 - 0x000001cd7ff33000 	C:\Users\Dinofio\Downloads\javafx-sdk-17.0.1\bin\api-ms-win-crt-environment-l1-1-0.dll
0x000001cd14f20000 - 0x000001cd14f23000 	C:\Users\Dinofio\Downloads\javafx-sdk-17.0.1\bin\api-ms-win-crt-filesystem-l1-1-0.dll
0x000001cd14f30000 - 0x000001cd14f33000 	C:\Users\Dinofio\Downloads\javafx-sdk-17.0.1\bin\api-ms-win-crt-heap-l1-1-0.dll
0x000001cd14f40000 - 0x000001cd14f43000 	C:\Users\Dinofio\Downloads\javafx-sdk-17.0.1\bin\api-ms-win-crt-locale-l1-1-0.dll
0x000001cd14f50000 - 0x000001cd14f55000 	C:\Users\Dinofio\Downloads\javafx-sdk-17.0.1\bin\api-ms-win-crt-math-l1-1-0.dll
0x000001cd14f60000 - 0x000001cd14f65000 	C:\Users\Dinofio\Downloads\javafx-sdk-17.0.1\bin\api-ms-win-crt-multibyte-l1-1-0.dll
0x000001cd14f70000 - 0x000001cd14f80000 	C:\Users\Dinofio\Downloads\javafx-sdk-17.0.1\bin\api-ms-win-crt-private-l1-1-0.dll
0x000001cd14f80000 - 0x000001cd14f83000 	C:\Users\Dinofio\Downloads\javafx-sdk-17.0.1\bin\api-ms-win-crt-process-l1-1-0.dll
0x000001cd14f90000 - 0x000001cd14f94000 	C:\Users\Dinofio\Downloads\javafx-sdk-17.0.1\bin\api-ms-win-crt-runtime-l1-1-0.dll
0x000001cd14fa0000 - 0x000001cd14fa4000 	C:\Users\Dinofio\Downloads\javafx-sdk-17.0.1\bin\api-ms-win-crt-stdio-l1-1-0.dll
0x000001cd14fb0000 - 0x000001cd14fb4000 	C:\Users\Dinofio\Downloads\javafx-sdk-17.0.1\bin\api-ms-win-crt-string-l1-1-0.dll
0x000001cd14fc0000 - 0x000001cd14fc3000 	C:\Users\Dinofio\Downloads\javafx-sdk-17.0.1\bin\api-ms-win-crt-time-l1-1-0.dll
0x000001cd14fd0000 - 0x000001cd14fd3000 	C:\Users\Dinofio\Downloads\javafx-sdk-17.0.1\bin\api-ms-win-crt-utility-l1-1-0.dll
0x00007ffa4d4b0000 - 0x00007ffa4d5ac000 	C:\Users\Dinofio\Downloads\javafx-sdk-17.0.1\bin\ucrtbase.dll
0x00007ffa679e0000 - 0x00007ffa679fa000 	C:\Users\Dinofio\Downloads\javafx-sdk-17.0.1\bin\vcruntime140.dll
0x00007ffa6ad90000 - 0x00007ffa6ad9c000 	C:\Users\Dinofio\Downloads\javafx-sdk-17.0.1\bin\vcruntime140_1.dll
0x00007ffa4f790000 - 0x00007ffa4f81d000 	C:\Users\Dinofio\Downloads\javafx-sdk-17.0.1\bin\msvcp140.dll
0x00007ffa679b0000 - 0x00007ffa679da000 	C:\Users\Dinofio\Downloads\javafx-sdk-17.0.1\bin\prism_d3d.dll
0x00007ffa8c930000 - 0x00007ffa8cafe000 	C:\WINDOWS\system32\d3d9.dll
0x00007ffaa0830000 - 0x00007ffaa085f000 	C:\WINDOWS\SYSTEM32\dwmapi.dll
0x00007ffa9fce0000 - 0x00007ffa9fd7e000 	C:\WINDOWS\system32\uxtheme.dll
0x00007ffa58820000 - 0x00007ffa58985000 	C:\WINDOWS\System32\DriverStore\FileRepository\iigd_dch.inf_amd64_91e2144e79bce669\igdumdim64.dll
0x00007ffaa3f90000 - 0x00007ffaa40ba000 	C:\WINDOWS\System32\ole32.dll
0x00007ffa527d0000 - 0x00007ffa5645b000 	C:\WINDOWS\System32\DriverStore\FileRepository\iigd_dch.inf_amd64_91e2144e79bce669\igd9dxva64.dll
0x00007ffaa3db0000 - 0x00007ffaa3e7d000 	C:\WINDOWS\System32\OLEAUT32.dll
0x00007ffaa4630000 - 0x00007ffaa4aa2000 	C:\WINDOWS\System32\SETUPAPI.dll
0x00007ffaa3170000 - 0x00007ffaa31be000 	C:\WINDOWS\System32\cfgmgr32.dll
0x00007ffaa33c0000 - 0x00007ffaa33e7000 	C:\WINDOWS\System32\bcrypt.dll
0x00007ffa95b90000 - 0x00007ffa95ec6000 	C:\WINDOWS\System32\DriverStore\FileRepository\iigd_dch.inf_amd64_91e2144e79bce669\igdgmm64.dll
0x00007ffa56680000 - 0x00007ffa566c2000 	C:\Users\Dinofio\Downloads\javafx-sdk-17.0.1\bin\glass.dll
0x00007ffaa4ea0000 - 0x00007ffaa4f7a000 	C:\WINDOWS\System32\COMDLG32.dll
0x00007ffaa43e0000 - 0x00007ffaa44f5000 	C:\WINDOWS\System32\MSCTF.dll
0x00007ffa8e4c0000 - 0x00007ffa8e4e7000 	C:\WINDOWS\System32\DriverStore\FileRepository\iigd_dch.inf_amd64_91e2144e79bce669\igdinfo64.dll
0x00007ffa92e00000 - 0x00007ffa95b8f000 	C:\WINDOWS\System32\DriverStore\FileRepository\iigd_dch.inf_amd64_91e2144e79bce669\igc64.dll
0x00007ffa9c0a0000 - 0x00007ffa9c0db000 	C:\WINDOWS\SYSTEM32\dxcore.dll
0x00007ffa60d20000 - 0x00007ffa60d34000 	C:\Users\Dinofio\Downloads\javafx-sdk-17.0.1\bin\javafx_font.dll
0x00007ffa71800000 - 0x00007ffa71a83000 	C:\WINDOWS\SYSTEM32\dwrite.dll
0x00007ffaa3e80000 - 0x00007ffaa3f29000 	C:\WINDOWS\System32\clbcatq.dll
0x00007ffa99930000 - 0x00007ffa99ae4000 	C:\WINDOWS\SYSTEM32\WindowsCodecs.dll
0x00007ffa9abc0000 - 0x00007ffa9abfe000 	C:\WINDOWS\system32\dataexchange.dll
0x00007ffa9e140000 - 0x00007ffa9e325000 	C:\WINDOWS\system32\dcomp.dll
0x00007ffa9dd90000 - 0x00007ffa9dff4000 	C:\WINDOWS\system32\d3d11.dll
0x00007ffaa18a0000 - 0x00007ffaa1994000 	C:\WINDOWS\system32\dxgi.dll
0x00007ffa99cb0000 - 0x00007ffa99eb1000 	C:\WINDOWS\system32\twinapi.appcore.dll
0x00007ffa5d620000 - 0x00007ffa5d654000 	C:\Program Files\Common Files\Microsoft Shared\Ink\rtscom.dll

dbghelp: loaded successfully - version: 4.0.5 - missing functions: none
symbol engine: initialized successfully - sym options: 0x614 - pdb path: .;C:\Users\Dinofio\.jdks\corretto-11.0.12\bin;C:\WINDOWS\SYSTEM32;C:\WINDOWS\WinSxS\amd64_microsoft.windows.common-controls_6595b64144ccf1df_6.0.19041.1110_none_60b5254171f9507e;C:\Users\Dinofio\.jdks\corretto-11.0.12\bin\server;C:\Program Files\JetBrains\IntelliJ IDEA 2021.2.1\bin;C:\Users\Dinofio\Downloads\javafx-sdk-17.0.1\bin;C:\WINDOWS\System32\DriverStore\FileRepository\iigd_dch.inf_amd64_91e2144e79bce669;C:\Program Files\Common Files\Microsoft Shared\Ink

VM Arguments:
jvm_args: -javaagent:C:\Program Files\JetBrains\IntelliJ IDEA 2021.2.1\lib\idea_rt.jar=13099:C:\Program Files\JetBrains\IntelliJ IDEA 2021.2.1\bin -Dfile.encoding=UTF-8 --module-path=C:\Users\Dinofio\Downloads\javafx-sdk-17.0.1\lib\javafx.controls.jar;C:\Users\Dinofio\Downloads\javafx-sdk-17.0.1\lib\javafx.fxml.jar;C:\Users\Dinofio\Downloads\javafx-sdk-17.0.1\lib\javafx.graphics.jar;C:\Users\Dinofio\Documents\University of Toronto\csc207\course-project-tbd\out\production\course-project-tbd;C:\Users\Dinofio\Downloads\javafx-sdk-17.0.1\lib\javafx.base.jar;C:\Users\Dinofio\.m2\repository\junit\junit\4.13.1\junit-4.13.1.jar -Djdk.module.main=course.project.tbd 
java_command: course.project.tbd/Phase_1.GUI.GUImain
java_class_path (initial): C:\Users\Dinofio\.m2\repository\org\hamcrest\hamcrest-core\1.3\hamcrest-core-1.3.jar;C:\Users\Dinofio\Downloads\javafx-sdk-17.0.1\lib\javafx-swt.jar;C:\Users\Dinofio\Downloads\javafx-sdk-17.0.1\lib\javafx.web.jar;C:\Users\Dinofio\Downloads\javafx-sdk-17.0.1\lib\javafx.media.jar;C:\Users\Dinofio\Downloads\javafx-sdk-17.0.1\lib\javafx.swing.jar
Launcher Type: SUN_STANDARD

[Global flags]
     intx CICompilerCount                          = 4                                         {product} {ergonomic}
     uint ConcGCThreads                            = 2                                         {product} {ergonomic}
     uint G1ConcRefinementThreads                  = 8                                         {product} {ergonomic}
   size_t G1HeapRegionSize                         = 1048576                                   {product} {ergonomic}
    uintx GCDrainStackTargetSize                   = 64                                        {product} {ergonomic}
   size_t InitialHeapSize                          = 266338304                                 {product} {ergonomic}
   size_t MarkStackSize                            = 4194304                                   {product} {ergonomic}
   size_t MaxHeapSize                              = 4246732800                                {product} {ergonomic}
   size_t MaxNewSize                               = 2548039680                                {product} {ergonomic}
   size_t MinHeapDeltaBytes                        = 1048576                                   {product} {ergonomic}
    uintx NonNMethodCodeHeapSize                   = 5836300                                {pd product} {ergonomic}
    uintx NonProfiledCodeHeapSize                  = 122910970                              {pd product} {ergonomic}
    uintx ProfiledCodeHeapSize                     = 122910970                              {pd product} {ergonomic}
    uintx ReservedCodeCacheSize                    = 251658240                              {pd product} {ergonomic}
     bool SegmentedCodeCache                       = true                                      {product} {ergonomic}
     bool UseCompressedClassPointers               = true                                 {lp64_product} {ergonomic}
     bool UseCompressedOops                        = true                                 {lp64_product} {ergonomic}
     bool UseG1GC                                  = true                                      {product} {ergonomic}
     bool UseLargePagesIndividualAllocation        = false                                  {pd product} {ergonomic}

Logging:
Log output configuration:
 #0: stdout all=warning uptime,level,tags
 #1: stderr all=off uptime,level,tags

Environment Variables:
PATH=C:\Program Files (x86)\NVIDIA Corporation\PhysX\Common;C:\WINDOWS\system32;C:\WINDOWS;C:\WINDOWS\System32\Wbem;C:\WINDOWS\System32\WindowsPowerShell\v1.0\;C:\WINDOWS\System32\OpenSSH\;C:\Program Files\dotnet\;C:\Program Files\Java\jdk-13.0.2\bin;C:\Program Files (x86)\Intel\Intel(R) Management Engine Components\DAL;C:\Program Files\Intel\Intel(R) Management Engine Components\DAL;C:\Program Files\Git\cmd;C:\Users\Dinofio\AppData\Local\Microsoft\WindowsApps;C:\texlive\2021\bin\win32
USERNAME=Dinofio
OS=Windows_NT
PROCESSOR_IDENTIFIER=Intel64 Family 6 Model 158 Stepping 9, GenuineIntel



---------------  S Y S T E M  ---------------

OS: Windows 10 , 64 bit Build 19041 (10.0.19041.1348)
OS uptime: 0 days 21:41 hours

CPU:total 8 (initial active 8) (4 cores per cpu, 2 threads per core) family 6 model 158 stepping 9 microcode 0xea, cmov, cx8, fxsr, mmx, sse, sse2, sse3, ssse3, sse4.1, sse4.2, popcnt, avx, avx2, aes, clmul, erms, 3dnowpref, lzcnt, ht, tsc, tscinvbit, bmi1, bmi2, adx, fma

Memory: 4k page, system-wide physical 16195M (1941M free)
TotalPageFile size 16195M (AvailPageFile size 5M)
current process WorkingSet (physical memory assigned to process): 172M, peak: 172M
current process commit charge ("private bytes"): 436M, peak: 437M

vm_info: OpenJDK 64-Bit Server VM (11.0.12+7-LTS) for windows-amd64 JRE (11.0.12+7-LTS), built on Jul 13 2021 17:58:36 by "Administrator" with unknown MS VC++:1916

END.
